[2m2021-05-28 00:06:01.172[0;39m [32mDEBUG[0;39m [35m20992[0;39m [2m---[0;39m [2m[nio-8988-exec-5][0;39m [36mc.s.h.controller.CodeController         [0;39m [2m:[0;39m selectSigunguCode - í˜¸ì¶œ
[2m2021-05-28 00:06:01.774[0;39m [32mDEBUG[0;39m [35m20992[0;39m [2m---[0;39m [2m[nio-8988-exec-9][0;39m [36mc.s.h.controller.CodeController         [0;39m [2m:[0;39m selectHouseDongCode - í˜¸ì¶œ
[2m2021-05-28 00:06:03.289[0;39m [32mDEBUG[0;39m [35m20992[0;39m [2m---[0;39m [2m[nio-8988-exec-6][0;39m [36mc.s.h.controller.HouseController        [0;39m [2m:[0;39m selectAllHouseByDong - í˜¸ì¶œ
[2m2021-05-28 00:06:03.291[0;39m [32mDEBUG[0;39m [35m20992[0;39m [2m---[0;39m [2m[io-8988-exec-10][0;39m [36mc.s.h.controller.HouseController        [0;39m [2m:[0;39m selectAptByDong - í˜¸ì¶œ
[2m2021-05-28 00:06:29.894[0;39m [32mDEBUG[0;39m [35m20992[0;39m [2m---[0;39m [2m[nio-8988-exec-4][0;39m [36mc.s.h.controller.CodeController         [0;39m [2m:[0;39m selectSigunguCode - í˜¸ì¶œ
[2m2021-05-28 00:06:30.647[0;39m [32mDEBUG[0;39m [35m20992[0;39m [2m---[0;39m [2m[nio-8988-exec-1][0;39m [36mc.s.h.controller.CodeController         [0;39m [2m:[0;39m selectHouseDongCode - í˜¸ì¶œ
[2m2021-05-28 00:06:43.148[0;39m [32mDEBUG[0;39m [35m20992[0;39m [2m---[0;39m [2m[nio-8988-exec-8][0;39m [36mc.s.h.controller.HouseController        [0;39m [2m:[0;39m selectAllHouseByDong - í˜¸ì¶œ
[2m2021-05-28 00:06:43.151[0;39m [32mDEBUG[0;39m [35m20992[0;39m [2m---[0;39m [2m[nio-8988-exec-7][0;39m [36mc.s.h.controller.HouseController        [0;39m [2m:[0;39m selectAptByDong - í˜¸ì¶œ
[2m2021-05-28 00:09:13.374[0;39m [32mDEBUG[0;39m [35m20992[0;39m [2m---[0;39m [2m[nio-8988-exec-5][0;39m [36mc.s.h.controller.HouseController        [0;39m [2m:[0;39m selectAllHouseByDong - í˜¸ì¶œ
[2m2021-05-28 00:09:13.374[0;39m [32mDEBUG[0;39m [35m20992[0;39m [2m---[0;39m [2m[nio-8988-exec-9][0;39m [36mc.s.h.controller.HouseController        [0;39m [2m:[0;39m selectAptByDong - í˜¸ì¶œ
[2m2021-05-28 00:09:13.376[0;39m [32mDEBUG[0;39m [35m20992[0;39m [2m---[0;39m [2m[io-8988-exec-10][0;39m [36mc.s.h.controller.HouseController        [0;39m [2m:[0;39m selectRowHouseByDong - í˜¸ì¶œ
[2m2021-05-28 00:09:13.379[0;39m [32mDEBUG[0;39m [35m20992[0;39m [2m---[0;39m [2m[nio-8988-exec-6][0;39m [36mc.s.h.controller.HouseController        [0;39m [2m:[0;39m selectDetachedHouseByDong - í˜¸ì¶œ
[2m2021-05-28 00:09:17.702[0;39m [32mDEBUG[0;39m [35m20992[0;39m [2m---[0;39m [2m[nio-8988-exec-7][0;39m [36mc.s.h.controller.HouseController        [0;39m [2m:[0;39m selectAptByDong - í˜¸ì¶œ
[2m2021-05-28 00:09:17.703[0;39m [32mDEBUG[0;39m [35m20992[0;39m [2m---[0;39m [2m[nio-8988-exec-1][0;39m [36mc.s.h.controller.HouseController        [0;39m [2m:[0;39m selectAllHouseByDong - í˜¸ì¶œ
[2m2021-05-28 00:09:17.702[0;39m [32mDEBUG[0;39m [35m20992[0;39m [2m---[0;39m [2m[nio-8988-exec-8][0;39m [36mc.s.h.controller.HouseController        [0;39m [2m:[0;39m selectRowHouseByDong - í˜¸ì¶œ
[2m2021-05-28 00:09:17.707[0;39m [32mDEBUG[0;39m [35m20992[0;39m [2m---[0;39m [2m[nio-8988-exec-3][0;39m [36mc.s.h.controller.HouseController        [0;39m [2m:[0;39m selectDetachedHouseByDong - í˜¸ì¶œ
[2m2021-05-28 00:10:14.401[0;39m [32mDEBUG[0;39m [35m20992[0;39m [2m---[0;39m [2m[nio-8988-exec-4][0;39m [36mc.s.h.controller.HouseController        [0;39m [2m:[0;39m selectAllHouseByDong - í˜¸ì¶œ
[2m2021-05-28 00:10:14.405[0;39m [32mDEBUG[0;39m [35m20992[0;39m [2m---[0;39m [2m[nio-8988-exec-9][0;39m [36mc.s.h.controller.HouseController        [0;39m [2m:[0;39m selectAptByDong - í˜¸ì¶œ
[2m2021-05-28 00:10:14.405[0;39m [32mDEBUG[0;39m [35m20992[0;39m [2m---[0;39m [2m[nio-8988-exec-6][0;39m [36mc.s.h.controller.HouseController        [0;39m [2m:[0;39m selectRowHouseByDong - í˜¸ì¶œ
[2m2021-05-28 00:10:14.406[0;39m [32mDEBUG[0;39m [35m20992[0;39m [2m---[0;39m [2m[nio-8988-exec-5][0;39m [36mc.s.h.controller.HouseController        [0;39m [2m:[0;39m selectDetachedHouseByDong - í˜¸ì¶œ
[2m2021-05-28 00:16:26.213[0;39m [32mDEBUG[0;39m [35m20992[0;39m [2m---[0;39m [2m[nio-8988-exec-2][0;39m [36mc.s.h.controller.HouseController        [0;39m [2m:[0;39m selectAllHouseByDong - í˜¸ì¶œ
[2m2021-05-28 00:16:26.215[0;39m [32mDEBUG[0;39m [35m20992[0;39m [2m---[0;39m [2m[io-8988-exec-10][0;39m [36mc.s.h.controller.HouseController        [0;39m [2m:[0;39m selectAptByDong - í˜¸ì¶œ
[2m2021-05-28 00:16:26.219[0;39m [32mDEBUG[0;39m [35m20992[0;39m [2m---[0;39m [2m[nio-8988-exec-4][0;39m [36mc.s.h.controller.HouseController        [0;39m [2m:[0;39m selectRowHouseByDong - í˜¸ì¶œ
[2m2021-05-28 00:16:26.225[0;39m [32mDEBUG[0;39m [35m20992[0;39m [2m---[0;39m [2m[nio-8988-exec-9][0;39m [36mc.s.h.controller.HouseController        [0;39m [2m:[0;39m selectDetachedHouseByDong - í˜¸ì¶œ
[2m2021-05-28 00:16:33.746[0;39m [32mDEBUG[0;39m [35m20992[0;39m [2m---[0;39m [2m[nio-8988-exec-8][0;39m [36mc.s.h.controller.CodeController         [0;39m [2m:[0;39m selectSigunguCode - í˜¸ì¶œ
[2m2021-05-28 00:16:34.373[0;39m [32mDEBUG[0;39m [35m20992[0;39m [2m---[0;39m [2m[nio-8988-exec-7][0;39m [36mc.s.h.controller.CodeController         [0;39m [2m:[0;39m selectHouseRentDongCode - í˜¸ì¶œ
[2m2021-05-28 00:16:36.306[0;39m [32mDEBUG[0;39m [35m20992[0;39m [2m---[0;39m [2m[nio-8988-exec-5][0;39m [36mc.s.h.controller.HouseRentController    [0;39m [2m:[0;39m selectAllHouseRentByDong - í˜¸ì¶œ
[2m2021-05-28 00:16:36.307[0;39m [32mDEBUG[0;39m [35m20992[0;39m [2m---[0;39m [2m[nio-8988-exec-3][0;39m [36mc.s.h.controller.HouseRentController    [0;39m [2m:[0;39m selectAptRentByDong - í˜¸ì¶œ
[2m2021-05-28 00:16:36.308[0;39m [32mDEBUG[0;39m [35m20992[0;39m [2m---[0;39m [2m[nio-8988-exec-6][0;39m [36mc.s.h.controller.HouseRentController    [0;39m [2m:[0;39m selectRowHouseRentByDong - í˜¸ì¶œ
[2m2021-05-28 00:16:36.315[0;39m [32mDEBUG[0;39m [35m20992[0;39m [2m---[0;39m [2m[nio-8988-exec-1][0;39m [36mc.s.h.controller.HouseRentController    [0;39m [2m:[0;39m selectDetachedHouseRentByDong - í˜¸ì¶œ
[2m2021-05-28 00:20:11.800[0;39m [32mDEBUG[0;39m [35m20992[0;39m [2m---[0;39m [2m[nio-8988-exec-9][0;39m [36mc.s.h.controller.BoardController        [0;39m [2m:[0;39m retrieveBoard - í˜¸ì¶œ
[2m2021-05-28 00:20:17.093[0;39m [32mDEBUG[0;39m [35m20992[0;39m [2m---[0;39m [2m[nio-8988-exec-6][0;39m [36mc.s.h.controller.BoardController        [0;39m [2m:[0;39m retrieveBoard - í˜¸ì¶œ
[2m2021-05-28 00:20:18.067[0;39m [32mDEBUG[0;39m [35m20992[0;39m [2m---[0;39m [2m[nio-8988-exec-1][0;39m [36mc.s.h.controller.BoardController        [0;39m [2m:[0;39m retrieveBoard - í˜¸ì¶œ
[2m2021-05-28 00:20:18.531[0;39m [32mDEBUG[0;39m [35m20992[0;39m [2m---[0;39m [2m[nio-8988-exec-3][0;39m [36mc.s.h.controller.BoardController        [0;39m [2m:[0;39m retrieveBoard - í˜¸ì¶œ
[2m2021-05-28 00:24:34.846[0;39m [32mDEBUG[0;39m [35m20992[0;39m [2m---[0;39m [2m[io-8988-exec-10][0;39m [36mc.s.h.controller.CodeController         [0;39m [2m:[0;39m selectSigunguCode - í˜¸ì¶œ
[2m2021-05-28 00:24:35.877[0;39m [32mDEBUG[0;39m [35m20992[0;39m [2m---[0;39m [2m[nio-8988-exec-4][0;39m [36mc.s.h.controller.CodeController         [0;39m [2m:[0;39m selectHouseDongCode - í˜¸ì¶œ
[2m2021-05-28 00:24:37.509[0;39m [32mDEBUG[0;39m [35m20992[0;39m [2m---[0;39m [2m[nio-8988-exec-8][0;39m [36mc.s.h.controller.HouseController        [0;39m [2m:[0;39m selectAllHouseByDong - í˜¸ì¶œ
[2m2021-05-28 00:24:37.512[0;39m [32mDEBUG[0;39m [35m20992[0;39m [2m---[0;39m [2m[nio-8988-exec-7][0;39m [36mc.s.h.controller.HouseController        [0;39m [2m:[0;39m selectAptByDong - í˜¸ì¶œ
[2m2021-05-28 00:24:37.518[0;39m [32mDEBUG[0;39m [35m20992[0;39m [2m---[0;39m [2m[nio-8988-exec-2][0;39m [36mc.s.h.controller.HouseController        [0;39m [2m:[0;39m selectRowHouseByDong - í˜¸ì¶œ
[2m2021-05-28 00:24:37.522[0;39m [32mDEBUG[0;39m [35m20992[0;39m [2m---[0;39m [2m[nio-8988-exec-9][0;39m [36mc.s.h.controller.HouseController        [0;39m [2m:[0;39m selectDetachedHouseByDong - í˜¸ì¶œ
[2m2021-05-28 00:27:16.256[0;39m [32mDEBUG[0;39m [35m20992[0;39m [2m---[0;39m [2m[nio-8988-exec-6][0;39m [36mc.s.h.controller.BoardController        [0;39m [2m:[0;39m retrieveBoard - í˜¸ì¶œ
[2m2021-05-28 00:27:44.402[0;39m [32mDEBUG[0;39m [35m20992[0;39m [2m---[0;39m [2m[nio-8988-exec-2][0;39m [36mc.s.h.controller.BoardController        [0;39m [2m:[0;39m retrieveBoard - í˜¸ì¶œ
[2m2021-05-28 00:29:33.261[0;39m [32mDEBUG[0;39m [35m20992[0;39m [2m---[0;39m [2m[nio-8988-exec-8][0;39m [36mc.s.h.controller.BoardController        [0;39m [2m:[0;39m retrieveBoard - í˜¸ì¶œ
[2m2021-05-28 00:29:58.001[0;39m [32mDEBUG[0;39m [35m20992[0;39m [2m---[0;39m [2m[nio-8988-exec-7][0;39m [36mc.s.h.controller.CodeController         [0;39m [2m:[0;39m selectSigunguCode - í˜¸ì¶œ
[2m2021-05-28 00:29:58.639[0;39m [32mDEBUG[0;39m [35m20992[0;39m [2m---[0;39m [2m[nio-8988-exec-1][0;39m [36mc.s.h.controller.CodeController         [0;39m [2m:[0;39m selectHouseRentDongCode - í˜¸ì¶œ
[2m2021-05-28 00:30:00.553[0;39m [32mDEBUG[0;39m [35m20992[0;39m [2m---[0;39m [2m[nio-8988-exec-4][0;39m [36mc.s.h.controller.HouseRentController    [0;39m [2m:[0;39m selectAllHouseRentByDong - í˜¸ì¶œ
[2m2021-05-28 00:30:00.556[0;39m [32mDEBUG[0;39m [35m20992[0;39m [2m---[0;39m [2m[nio-8988-exec-3][0;39m [36mc.s.h.controller.HouseRentController    [0;39m [2m:[0;39m selectRowHouseRentByDong - í˜¸ì¶œ
[2m2021-05-28 00:30:00.556[0;39m [32mDEBUG[0;39m [35m20992[0;39m [2m---[0;39m [2m[io-8988-exec-10][0;39m [36mc.s.h.controller.HouseRentController    [0;39m [2m:[0;39m selectAptRentByDong - í˜¸ì¶œ
[2m2021-05-28 00:30:00.562[0;39m [32mDEBUG[0;39m [35m20992[0;39m [2m---[0;39m [2m[nio-8988-exec-5][0;39m [36mc.s.h.controller.HouseRentController    [0;39m [2m:[0;39m selectDetachedHouseRentByDong - í˜¸ì¶œ
[2m2021-05-28 01:41:04.932[0;39m [32mDEBUG[0;39m [35m20992[0;39m [2m---[0;39m [2m[nio-8988-exec-6][0;39m [36mc.s.h.controller.BoardController        [0;39m [2m:[0;39m retrieveBoard - í˜¸ì¶œ
[2m2021-05-28 01:41:48.891[0;39m [32mDEBUG[0;39m [35m20992[0;39m [2m---[0;39m [2m[io-8988-exec-10][0;39m [36mc.s.h.controller.BoardController        [0;39m [2m:[0;39m retrieveBoard - í˜¸ì¶œ
[2m2021-05-28 01:42:09.810[0;39m [32mDEBUG[0;39m [35m20992[0;39m [2m---[0;39m [2m[nio-8988-exec-3][0;39m [36mc.s.h.controller.BoardController        [0;39m [2m:[0;39m retrieveBoard - í˜¸ì¶œ
[2m2021-05-28 01:47:07.300[0;39m [32mDEBUG[0;39m [35m20992[0;39m [2m---[0;39m [2m[nio-8988-exec-4][0;39m [36mc.s.h.controller.BoardController        [0;39m [2m:[0;39m retrieveBoard - í˜¸ì¶œ
[2m2021-05-28 01:51:16.224[0;39m [32mDEBUG[0;39m [35m20992[0;39m [2m---[0;39m [2m[nio-8988-exec-9][0;39m [36mc.s.h.controller.BoardController        [0;39m [2m:[0;39m retrieveBoard - í˜¸ì¶œ
[2m2021-05-28 02:07:23.465[0;39m [32mDEBUG[0;39m [35m20992[0;39m [2m---[0;39m [2m[nio-8988-exec-8][0;39m [36mc.s.h.controller.CodeController         [0;39m [2m:[0;39m selectSigunguCode - í˜¸ì¶œ
[2m2021-05-28 02:07:25.264[0;39m [32mDEBUG[0;39m [35m20992[0;39m [2m---[0;39m [2m[nio-8988-exec-1][0;39m [36mc.s.h.controller.CodeController         [0;39m [2m:[0;39m selectHouseDongCode - í˜¸ì¶œ
[2m2021-05-28 02:07:27.976[0;39m [32mDEBUG[0;39m [35m20992[0;39m [2m---[0;39m [2m[nio-8988-exec-6][0;39m [36mc.s.h.controller.CodeController         [0;39m [2m:[0;39m selectHouseDongCode - í˜¸ì¶œ
[2m2021-05-28 02:07:30.308[0;39m [32mDEBUG[0;39m [35m20992[0;39m [2m---[0;39m [2m[io-8988-exec-10][0;39m [36mc.s.h.controller.HouseController        [0;39m [2m:[0;39m selectAllHouseByDong - í˜¸ì¶œ
[2m2021-05-28 02:07:30.314[0;39m [32mDEBUG[0;39m [35m20992[0;39m [2m---[0;39m [2m[nio-8988-exec-3][0;39m [36mc.s.h.controller.HouseController        [0;39m [2m:[0;39m selectAptByDong - í˜¸ì¶œ
[2m2021-05-28 02:07:30.316[0;39m [32mDEBUG[0;39m [35m20992[0;39m [2m---[0;39m [2m[nio-8988-exec-5][0;39m [36mc.s.h.controller.HouseController        [0;39m [2m:[0;39m selectRowHouseByDong - í˜¸ì¶œ
[2m2021-05-28 02:07:30.326[0;39m [32mDEBUG[0;39m [35m20992[0;39m [2m---[0;39m [2m[nio-8988-exec-4][0;39m [36mc.s.h.controller.HouseController        [0;39m [2m:[0;39m selectDetachedHouseByDong - í˜¸ì¶œ
[2m2021-05-28 02:07:33.981[0;39m [32mDEBUG[0;39m [35m20992[0;39m [2m---[0;39m [2m[nio-8988-exec-9][0;39m [36mc.s.h.controller.HouseController        [0;39m [2m:[0;39m selectAllHouseByDong - í˜¸ì¶œ
[2m2021-05-28 02:07:33.986[0;39m [32mDEBUG[0;39m [35m20992[0;39m [2m---[0;39m [2m[nio-8988-exec-7][0;39m [36mc.s.h.controller.HouseController        [0;39m [2m:[0;39m selectAptByDong - í˜¸ì¶œ
[2m2021-05-28 02:07:33.993[0;39m [32mDEBUG[0;39m [35m20992[0;39m [2m---[0;39m [2m[nio-8988-exec-8][0;39m [36mc.s.h.controller.HouseController        [0;39m [2m:[0;39m selectRowHouseByDong - í˜¸ì¶œ
[2m2021-05-28 02:07:33.997[0;39m [32mDEBUG[0;39m [35m20992[0;39m [2m---[0;39m [2m[nio-8988-exec-1][0;39m [36mc.s.h.controller.HouseController        [0;39m [2m:[0;39m selectDetachedHouseByDong - í˜¸ì¶œ
[2m2021-05-28 02:07:46.941[0;39m [32mDEBUG[0;39m [35m20992[0;39m [2m---[0;39m [2m[nio-8988-exec-2][0;39m [36mc.s.h.controller.CodeController         [0;39m [2m:[0;39m selectSigunguCode - í˜¸ì¶œ
[2m2021-05-28 02:07:48.659[0;39m [32mDEBUG[0;39m [35m20992[0;39m [2m---[0;39m [2m[nio-8988-exec-3][0;39m [36mc.s.h.controller.CodeController         [0;39m [2m:[0;39m selectHouseDongCode - í˜¸ì¶œ
[2m2021-05-28 02:07:50.454[0;39m [32mDEBUG[0;39m [35m20992[0;39m [2m---[0;39m [2m[nio-8988-exec-4][0;39m [36mc.s.h.controller.HouseController        [0;39m [2m:[0;39m selectAllHouseByDong - í˜¸ì¶œ
[2m2021-05-28 02:07:50.454[0;39m [32mDEBUG[0;39m [35m20992[0;39m [2m---[0;39m [2m[nio-8988-exec-5][0;39m [36mc.s.h.controller.HouseController        [0;39m [2m:[0;39m selectAptByDong - í˜¸ì¶œ
[2m2021-05-28 02:07:50.455[0;39m [32mDEBUG[0;39m [35m20992[0;39m [2m---[0;39m [2m[io-8988-exec-10][0;39m [36mc.s.h.controller.HouseController        [0;39m [2m:[0;39m selectRowHouseByDong - í˜¸ì¶œ
[2m2021-05-28 02:07:50.456[0;39m [32mDEBUG[0;39m [35m20992[0;39m [2m---[0;39m [2m[nio-8988-exec-6][0;39m [36mc.s.h.controller.HouseController        [0;39m [2m:[0;39m selectDetachedHouseByDong - í˜¸ì¶œ
[2m2021-05-28 02:09:08.181[0;39m [32mDEBUG[0;39m [35m20992[0;39m [2m---[0;39m [2m[nio-8988-exec-1][0;39m [36mc.s.h.controller.HouseController        [0;39m [2m:[0;39m selectAllHouseByDong - í˜¸ì¶œ
[2m2021-05-28 02:09:08.182[0;39m [32mDEBUG[0;39m [35m20992[0;39m [2m---[0;39m [2m[nio-8988-exec-6][0;39m [36mc.s.h.controller.HouseController        [0;39m [2m:[0;39m selectAptByDong - í˜¸ì¶œ
[2m2021-05-28 02:09:08.186[0;39m [32mDEBUG[0;39m [35m20992[0;39m [2m---[0;39m [2m[nio-8988-exec-5][0;39m [36mc.s.h.controller.HouseController        [0;39m [2m:[0;39m selectRowHouseByDong - í˜¸ì¶œ
[2m2021-05-28 02:09:08.186[0;39m [32mDEBUG[0;39m [35m20992[0;39m [2m---[0;39m [2m[io-8988-exec-10][0;39m [36mc.s.h.controller.HouseController        [0;39m [2m:[0;39m selectDetachedHouseByDong - í˜¸ì¶œ
[2m2021-05-28 02:10:25.064[0;39m [32mDEBUG[0;39m [35m20992[0;39m [2m---[0;39m [2m[nio-8988-exec-4][0;39m [36mc.s.h.controller.HouseController        [0;39m [2m:[0;39m selectAllHouseByDong - í˜¸ì¶œ
[2m2021-05-28 02:10:25.064[0;39m [32mDEBUG[0;39m [35m20992[0;39m [2m---[0;39m [2m[io-8988-exec-10][0;39m [36mc.s.h.controller.HouseController        [0;39m [2m:[0;39m selectAptByDong - í˜¸ì¶œ
[2m2021-05-28 02:10:25.067[0;39m [32mDEBUG[0;39m [35m20992[0;39m [2m---[0;39m [2m[nio-8988-exec-6][0;39m [36mc.s.h.controller.HouseController        [0;39m [2m:[0;39m selectRowHouseByDong - í˜¸ì¶œ
[2m2021-05-28 02:10:25.068[0;39m [32mDEBUG[0;39m [35m20992[0;39m [2m---[0;39m [2m[nio-8988-exec-5][0;39m [36mc.s.h.controller.HouseController        [0;39m [2m:[0;39m selectDetachedHouseByDong - í˜¸ì¶œ
[2m2021-05-28 02:12:06.161[0;39m [32mDEBUG[0;39m [35m20992[0;39m [2m---[0;39m [2m[nio-8988-exec-1][0;39m [36mc.s.h.controller.HouseController        [0;39m [2m:[0;39m selectAllHouseByDong - í˜¸ì¶œ
[2m2021-05-28 02:12:06.165[0;39m [32mDEBUG[0;39m [35m20992[0;39m [2m---[0;39m [2m[nio-8988-exec-5][0;39m [36mc.s.h.controller.HouseController        [0;39m [2m:[0;39m selectAptByDong - í˜¸ì¶œ
[2m2021-05-28 02:12:06.170[0;39m [32mDEBUG[0;39m [35m20992[0;39m [2m---[0;39m [2m[io-8988-exec-10][0;39m [36mc.s.h.controller.HouseController        [0;39m [2m:[0;39m selectRowHouseByDong - í˜¸ì¶œ
[2m2021-05-28 02:12:06.175[0;39m [32mDEBUG[0;39m [35m20992[0;39m [2m---[0;39m [2m[nio-8988-exec-6][0;39m [36mc.s.h.controller.HouseController        [0;39m [2m:[0;39m selectDetachedHouseByDong - í˜¸ì¶œ
[2m2021-05-28 02:12:34.980[0;39m [32mDEBUG[0;39m [35m20992[0;39m [2m---[0;39m [2m[nio-8988-exec-7][0;39m [36mc.s.h.controller.HouseController        [0;39m [2m:[0;39m selectAllHouseByDong - í˜¸ì¶œ
[2m2021-05-28 02:12:34.983[0;39m [32mDEBUG[0;39m [35m20992[0;39m [2m---[0;39m [2m[nio-8988-exec-8][0;39m [36mc.s.h.controller.HouseController        [0;39m [2m:[0;39m selectRowHouseByDong - í˜¸ì¶œ
[2m2021-05-28 02:12:34.984[0;39m [32mDEBUG[0;39m [35m20992[0;39m [2m---[0;39m [2m[nio-8988-exec-9][0;39m [36mc.s.h.controller.HouseController        [0;39m [2m:[0;39m selectDetachedHouseByDong - í˜¸ì¶œ
[2m2021-05-28 02:12:34.983[0;39m [32mDEBUG[0;39m [35m20992[0;39m [2m---[0;39m [2m[nio-8988-exec-2][0;39m [36mc.s.h.controller.HouseController        [0;39m [2m:[0;39m selectAptByDong - í˜¸ì¶œ
[2m2021-05-28 02:14:19.798[0;39m [32mDEBUG[0;39m [35m20992[0;39m [2m---[0;39m [2m[nio-8988-exec-9][0;39m [36mc.s.h.controller.HouseController        [0;39m [2m:[0;39m selectAptByDong - í˜¸ì¶œ
[2m2021-05-28 02:14:19.798[0;39m [32mDEBUG[0;39m [35m20992[0;39m [2m---[0;39m [2m[nio-8988-exec-3][0;39m [36mc.s.h.controller.HouseController        [0;39m [2m:[0;39m selectAllHouseByDong - í˜¸ì¶œ
[2m2021-05-28 02:14:19.798[0;39m [32mDEBUG[0;39m [35m20992[0;39m [2m---[0;39m [2m[nio-8988-exec-8][0;39m [36mc.s.h.controller.HouseController        [0;39m [2m:[0;39m selectDetachedHouseByDong - í˜¸ì¶œ
[2m2021-05-28 02:14:19.798[0;39m [32mDEBUG[0;39m [35m20992[0;39m [2m---[0;39m [2m[nio-8988-exec-2][0;39m [36mc.s.h.controller.HouseController        [0;39m [2m:[0;39m selectRowHouseByDong - í˜¸ì¶œ
[2m2021-05-28 02:14:26.851[0;39m [32mDEBUG[0;39m [35m20992[0;39m [2m---[0;39m [2m[nio-8988-exec-4][0;39m [36mc.s.h.controller.HouseController        [0;39m [2m:[0;39m selectAllHouseByDong - í˜¸ì¶œ
[2m2021-05-28 02:14:26.855[0;39m [32mDEBUG[0;39m [35m20992[0;39m [2m---[0;39m [2m[nio-8988-exec-5][0;39m [36mc.s.h.controller.HouseController        [0;39m [2m:[0;39m selectAptByDong - í˜¸ì¶œ
[2m2021-05-28 02:14:26.856[0;39m [32mDEBUG[0;39m [35m20992[0;39m [2m---[0;39m [2m[nio-8988-exec-6][0;39m [36mc.s.h.controller.HouseController        [0;39m [2m:[0;39m selectRowHouseByDong - í˜¸ì¶œ
[2m2021-05-28 02:14:26.860[0;39m [32mDEBUG[0;39m [35m20992[0;39m [2m---[0;39m [2m[io-8988-exec-10][0;39m [36mc.s.h.controller.HouseController        [0;39m [2m:[0;39m selectDetachedHouseByDong - í˜¸ì¶œ
[2m2021-05-28 02:15:05.368[0;39m [32mDEBUG[0;39m [35m20992[0;39m [2m---[0;39m [2m[nio-8988-exec-7][0;39m [36mc.s.h.controller.BoardController        [0;39m [2m:[0;39m retrieveBoard - í˜¸ì¶œ
[2m2021-05-28 02:15:07.532[0;39m [32mDEBUG[0;39m [35m20992[0;39m [2m---[0;39m [2m[nio-8988-exec-8][0;39m [36mc.s.h.controller.BoardController        [0;39m [2m:[0;39m retrieveBoard - í˜¸ì¶œ
[2m2021-05-28 02:15:09.090[0;39m [32mDEBUG[0;39m [35m20992[0;39m [2m---[0;39m [2m[nio-8988-exec-9][0;39m [36mc.s.h.controller.BoardController        [0;39m [2m:[0;39m retrieveBoard - í˜¸ì¶œ
[2m2021-05-28 02:15:11.705[0;39m [32mDEBUG[0;39m [35m20992[0;39m [2m---[0;39m [2m[nio-8988-exec-2][0;39m [36mc.s.h.controller.BoardController        [0;39m [2m:[0;39m retrieveBoard - í˜¸ì¶œ
[2m2021-05-28 02:44:27.818[0;39m [32mDEBUG[0;39m [35m20992[0;39m [2m---[0;39m [2m[nio-8988-exec-4][0;39m [36mc.s.h.controller.CodeController         [0;39m [2m:[0;39m selectSigunguCode - í˜¸ì¶œ
[2m2021-05-28 02:44:28.956[0;39m [32mDEBUG[0;39m [35m20992[0;39m [2m---[0;39m [2m[nio-8988-exec-7][0;39m [36mc.s.h.controller.CodeController         [0;39m [2m:[0;39m selectHouseDongCode - í˜¸ì¶œ
[2m2021-05-28 02:45:48.277[0;39m [32mDEBUG[0;39m [35m20992[0;39m [2m---[0;39m [2m[nio-8988-exec-2][0;39m [36mc.s.h.controller.HouseController        [0;39m [2m:[0;39m selectAptByDong - í˜¸ì¶œ
[2m2021-05-28 02:45:48.277[0;39m [32mDEBUG[0;39m [35m20992[0;39m [2m---[0;39m [2m[nio-8988-exec-9][0;39m [36mc.s.h.controller.HouseController        [0;39m [2m:[0;39m selectAllHouseByDong - í˜¸ì¶œ
[2m2021-05-28 02:45:48.282[0;39m [32mDEBUG[0;39m [35m20992[0;39m [2m---[0;39m [2m[nio-8988-exec-3][0;39m [36mc.s.h.controller.HouseController        [0;39m [2m:[0;39m selectRowHouseByDong - í˜¸ì¶œ
[2m2021-05-28 02:45:48.294[0;39m [32mDEBUG[0;39m [35m20992[0;39m [2m---[0;39m [2m[nio-8988-exec-5][0;39m [36mc.s.h.controller.HouseController        [0;39m [2m:[0;39m selectDetachedHouseByDong - í˜¸ì¶œ
[2m2021-05-28 02:47:03.997[0;39m [32mDEBUG[0;39m [35m20992[0;39m [2m---[0;39m [2m[nio-8988-exec-1][0;39m [36mc.s.h.controller.CodeController         [0;39m [2m:[0;39m selectSigunguCode - í˜¸ì¶œ
[2m2021-05-28 02:47:05.429[0;39m [32mDEBUG[0;39m [35m20992[0;39m [2m---[0;39m [2m[nio-8988-exec-5][0;39m [36mc.s.h.controller.CodeController         [0;39m [2m:[0;39m selectHouseDongCode - í˜¸ì¶œ
[2m2021-05-28 02:47:07.111[0;39m [32mDEBUG[0;39m [35m20992[0;39m [2m---[0;39m [2m[nio-8988-exec-2][0;39m [36mc.s.h.controller.HouseController        [0;39m [2m:[0;39m selectAllHouseByDong - í˜¸ì¶œ
[2m2021-05-28 02:47:07.113[0;39m [32mDEBUG[0;39m [35m20992[0;39m [2m---[0;39m [2m[nio-8988-exec-9][0;39m [36mc.s.h.controller.HouseController        [0;39m [2m:[0;39m selectAptByDong - í˜¸ì¶œ
[2m2021-05-28 02:47:07.117[0;39m [32mDEBUG[0;39m [35m20992[0;39m [2m---[0;39m [2m[nio-8988-exec-3][0;39m [36mc.s.h.controller.HouseController        [0;39m [2m:[0;39m selectRowHouseByDong - í˜¸ì¶œ
[2m2021-05-28 02:47:07.185[0;39m [32mDEBUG[0;39m [35m20992[0;39m [2m---[0;39m [2m[nio-8988-exec-6][0;39m [36mc.s.h.controller.HouseController        [0;39m [2m:[0;39m selectDetachedHouseByDong - í˜¸ì¶œ
[2m2021-05-28 02:47:11.843[0;39m [32mDEBUG[0;39m [35m20992[0;39m [2m---[0;39m [2m[nio-8988-exec-7][0;39m [36mc.s.h.controller.HouseController        [0;39m [2m:[0;39m selectAptByDong - í˜¸ì¶œ
[2m2021-05-28 02:47:11.843[0;39m [32mDEBUG[0;39m [35m20992[0;39m [2m---[0;39m [2m[io-8988-exec-10][0;39m [36mc.s.h.controller.HouseController        [0;39m [2m:[0;39m selectAllHouseByDong - í˜¸ì¶œ
[2m2021-05-28 02:47:11.845[0;39m [32mDEBUG[0;39m [35m20992[0;39m [2m---[0;39m [2m[nio-8988-exec-4][0;39m [36mc.s.h.controller.HouseController        [0;39m [2m:[0;39m selectRowHouseByDong - í˜¸ì¶œ
[2m2021-05-28 02:47:11.848[0;39m [32mDEBUG[0;39m [35m20992[0;39m [2m---[0;39m [2m[nio-8988-exec-1][0;39m [36mc.s.h.controller.HouseController        [0;39m [2m:[0;39m selectDetachedHouseByDong - í˜¸ì¶œ
[2m2021-05-28 02:56:21.093[0;39m [32mDEBUG[0;39m [35m20992[0;39m [2m---[0;39m [2m[nio-8988-exec-5][0;39m [36mc.s.h.controller.BoardController        [0;39m [2m:[0;39m retrieveBoard - í˜¸ì¶œ
[2m2021-05-28 03:14:03.759[0;39m [32mDEBUG[0;39m [35m20992[0;39m [2m---[0;39m [2m[nio-8988-exec-4][0;39m [36mc.s.h.controller.CodeController         [0;39m [2m:[0;39m selectSigunguCode - í˜¸ì¶œ
[2m2021-05-28 03:14:04.772[0;39m [32mDEBUG[0;39m [35m20992[0;39m [2m---[0;39m [2m[io-8988-exec-10][0;39m [36mc.s.h.controller.CodeController         [0;39m [2m:[0;39m selectHouseDongCode - í˜¸ì¶œ
[2m2021-05-28 03:14:06.153[0;39m [32mDEBUG[0;39m [35m20992[0;39m [2m---[0;39m [2m[nio-8988-exec-7][0;39m [36mc.s.h.controller.HouseController        [0;39m [2m:[0;39m selectAllHouseByDong - í˜¸ì¶œ
[2m2021-05-28 03:14:06.157[0;39m [32mDEBUG[0;39m [35m20992[0;39m [2m---[0;39m [2m[nio-8988-exec-8][0;39m [36mc.s.h.controller.HouseController        [0;39m [2m:[0;39m selectAptByDong - í˜¸ì¶œ
[2m2021-05-28 03:14:06.160[0;39m [32mDEBUG[0;39m [35m20992[0;39m [2m---[0;39m [2m[nio-8988-exec-3][0;39m [36mc.s.h.controller.HouseController        [0;39m [2m:[0;39m selectRowHouseByDong - í˜¸ì¶œ
[2m2021-05-28 03:14:06.162[0;39m [32mDEBUG[0;39m [35m20992[0;39m [2m---[0;39m [2m[nio-8988-exec-6][0;39m [36mc.s.h.controller.HouseController        [0;39m [2m:[0;39m selectDetachedHouseByDong - í˜¸ì¶œ
[2m2021-05-28 03:14:31.834[0;39m [32mDEBUG[0;39m [35m20992[0;39m [2m---[0;39m [2m[nio-8988-exec-9][0;39m [36mc.s.h.controller.HouseController        [0;39m [2m:[0;39m selectAllHouseByDong - í˜¸ì¶œ
[2m2021-05-28 03:14:31.838[0;39m [32mDEBUG[0;39m [35m20992[0;39m [2m---[0;39m [2m[nio-8988-exec-5][0;39m [36mc.s.h.controller.HouseController        [0;39m [2m:[0;39m selectAptByDong - í˜¸ì¶œ
[2m2021-05-28 03:14:31.840[0;39m [32mDEBUG[0;39m [35m20992[0;39m [2m---[0;39m [2m[nio-8988-exec-1][0;39m [36mc.s.h.controller.HouseController        [0;39m [2m:[0;39m selectRowHouseByDong - í˜¸ì¶œ
[2m2021-05-28 03:14:31.844[0;39m [32mDEBUG[0;39m [35m20992[0;39m [2m---[0;39m [2m[nio-8988-exec-4][0;39m [36mc.s.h.controller.HouseController        [0;39m [2m:[0;39m selectDetachedHouseByDong - í˜¸ì¶œ
[2m2021-05-28 03:14:38.375[0;39m [32mDEBUG[0;39m [35m20992[0;39m [2m---[0;39m [2m[nio-8988-exec-2][0;39m [36mc.s.h.controller.HouseController        [0;39m [2m:[0;39m selectAllHouseByDong - í˜¸ì¶œ
[2m2021-05-28 03:14:38.376[0;39m [32mDEBUG[0;39m [35m20992[0;39m [2m---[0;39m [2m[nio-8988-exec-7][0;39m [36mc.s.h.controller.HouseController        [0;39m [2m:[0;39m selectAptByDong - í˜¸ì¶œ
[2m2021-05-28 03:14:38.380[0;39m [32mDEBUG[0;39m [35m20992[0;39m [2m---[0;39m [2m[nio-8988-exec-3][0;39m [36mc.s.h.controller.HouseController        [0;39m [2m:[0;39m selectRowHouseByDong - í˜¸ì¶œ
[2m2021-05-28 03:14:38.380[0;39m [32mDEBUG[0;39m [35m20992[0;39m [2m---[0;39m [2m[nio-8988-exec-6][0;39m [36mc.s.h.controller.HouseController        [0;39m [2m:[0;39m selectDetachedHouseByDong - í˜¸ì¶œ
[2m2021-05-28 03:14:55.676[0;39m [32mDEBUG[0;39m [35m20992[0;39m [2m---[0;39m [2m[io-8988-exec-10][0;39m [36mc.s.h.controller.HouseController        [0;39m [2m:[0;39m selectAllHouseByDong - í˜¸ì¶œ
[2m2021-05-28 03:14:55.677[0;39m [32mDEBUG[0;39m [35m20992[0;39m [2m---[0;39m [2m[nio-8988-exec-1][0;39m [36mc.s.h.controller.HouseController        [0;39m [2m:[0;39m selectRowHouseByDong - í˜¸ì¶œ
[2m2021-05-28 03:14:55.676[0;39m [32mDEBUG[0;39m [35m20992[0;39m [2m---[0;39m [2m[nio-8988-exec-4][0;39m [36mc.s.h.controller.HouseController        [0;39m [2m:[0;39m selectAptByDong - í˜¸ì¶œ
[2m2021-05-28 03:14:55.679[0;39m [32mDEBUG[0;39m [35m20992[0;39m [2m---[0;39m [2m[nio-8988-exec-9][0;39m [36mc.s.h.controller.HouseController        [0;39m [2m:[0;39m selectDetachedHouseByDong - í˜¸ì¶œ
[2m2021-05-28 03:15:19.210[0;39m [32mDEBUG[0;39m [35m20992[0;39m [2m---[0;39m [2m[nio-8988-exec-8][0;39m [36mc.s.h.controller.HouseController        [0;39m [2m:[0;39m selectAllHouseByDong - í˜¸ì¶œ
[2m2021-05-28 03:15:19.211[0;39m [32mDEBUG[0;39m [35m20992[0;39m [2m---[0;39m [2m[nio-8988-exec-7][0;39m [36mc.s.h.controller.HouseController        [0;39m [2m:[0;39m selectAptByDong - í˜¸ì¶œ
[2m2021-05-28 03:15:19.213[0;39m [32mDEBUG[0;39m [35m20992[0;39m [2m---[0;39m [2m[nio-8988-exec-2][0;39m [36mc.s.h.controller.HouseController        [0;39m [2m:[0;39m selectRowHouseByDong - í˜¸ì¶œ
[2m2021-05-28 03:15:19.214[0;39m [32mDEBUG[0;39m [35m20992[0;39m [2m---[0;39m [2m[nio-8988-exec-3][0;39m [36mc.s.h.controller.HouseController        [0;39m [2m:[0;39m selectDetachedHouseByDong - í˜¸ì¶œ
[2m2021-05-28 03:15:29.130[0;39m [32mDEBUG[0;39m [35m20992[0;39m [2m---[0;39m [2m[nio-8988-exec-5][0;39m [36mc.s.h.controller.HouseController        [0;39m [2m:[0;39m selectAllHouseByDong - í˜¸ì¶œ
[2m2021-05-28 03:15:29.130[0;39m [32mDEBUG[0;39m [35m20992[0;39m [2m---[0;39m [2m[io-8988-exec-10][0;39m [36mc.s.h.controller.HouseController        [0;39m [2m:[0;39m selectAptByDong - í˜¸ì¶œ
[2m2021-05-28 03:15:29.132[0;39m [32mDEBUG[0;39m [35m20992[0;39m [2m---[0;39m [2m[nio-8988-exec-9][0;39m [36mc.s.h.controller.HouseController        [0;39m [2m:[0;39m selectRowHouseByDong - í˜¸ì¶œ
[2m2021-05-28 03:15:29.133[0;39m [32mDEBUG[0;39m [35m20992[0;39m [2m---[0;39m [2m[nio-8988-exec-1][0;39m [36mc.s.h.controller.HouseController        [0;39m [2m:[0;39m selectDetachedHouseByDong - í˜¸ì¶œ
[2m2021-05-28 03:35:43.824[0;39m [32mDEBUG[0;39m [35m20992[0;39m [2m---[0;39m [2m[nio-8988-exec-4][0;39m [36mc.s.h.controller.BoardController        [0;39m [2m:[0;39m retrieveBoard - í˜¸ì¶œ
[2m2021-05-28 03:43:43.402[0;39m [32mDEBUG[0;39m [35m20992[0;39m [2m---[0;39m [2m[nio-8988-exec-9][0;39m [36mc.s.h.controller.CodeController         [0;39m [2m:[0;39m selectSigunguCode - í˜¸ì¶œ
[2m2021-05-28 03:43:44.828[0;39m [32mDEBUG[0;39m [35m20992[0;39m [2m---[0;39m [2m[nio-8988-exec-1][0;39m [36mc.s.h.controller.CodeController         [0;39m [2m:[0;39m selectHouseRentDongCode - í˜¸ì¶œ
[2m2021-05-28 03:43:46.925[0;39m [32mDEBUG[0;39m [35m20992[0;39m [2m---[0;39m [2m[nio-8988-exec-5][0;39m [36mc.s.h.controller.HouseRentController    [0;39m [2m:[0;39m selectAllHouseRentByDong - í˜¸ì¶œ
[2m2021-05-28 03:43:46.932[0;39m [32mDEBUG[0;39m [35m20992[0;39m [2m---[0;39m [2m[nio-8988-exec-8][0;39m [36mc.s.h.controller.HouseRentController    [0;39m [2m:[0;39m selectAptRentByDong - í˜¸ì¶œ
[2m2021-05-28 03:43:46.933[0;39m [32mDEBUG[0;39m [35m20992[0;39m [2m---[0;39m [2m[nio-8988-exec-2][0;39m [36mc.s.h.controller.HouseRentController    [0;39m [2m:[0;39m selectRowHouseRentByDong - í˜¸ì¶œ
[2m2021-05-28 03:43:46.936[0;39m [32mDEBUG[0;39m [35m20992[0;39m [2m---[0;39m [2m[nio-8988-exec-6][0;39m [36mc.s.h.controller.HouseRentController    [0;39m [2m:[0;39m selectDetachedHouseRentByDong - í˜¸ì¶œ
[2m2021-05-28 03:45:01.140[0;39m [32mDEBUG[0;39m [35m20992[0;39m [2m---[0;39m [2m[nio-8988-exec-3][0;39m [36mc.s.h.controller.HouseRentController    [0;39m [2m:[0;39m selectAllHouseRentByDong - í˜¸ì¶œ
[2m2021-05-28 03:45:01.140[0;39m [32mDEBUG[0;39m [35m20992[0;39m [2m---[0;39m [2m[nio-8988-exec-8][0;39m [36mc.s.h.controller.HouseRentController    [0;39m [2m:[0;39m selectAptRentByDong - í˜¸ì¶œ
[2m2021-05-28 03:45:01.140[0;39m [32mDEBUG[0;39m [35m20992[0;39m [2m---[0;39m [2m[nio-8988-exec-6][0;39m [36mc.s.h.controller.HouseRentController    [0;39m [2m:[0;39m selectRowHouseRentByDong - í˜¸ì¶œ
[2m2021-05-28 03:45:01.142[0;39m [32mDEBUG[0;39m [35m20992[0;39m [2m---[0;39m [2m[nio-8988-exec-5][0;39m [36mc.s.h.controller.HouseRentController    [0;39m [2m:[0;39m selectDetachedHouseRentByDong - í˜¸ì¶œ
[2m2021-05-28 04:09:21.373[0;39m [32mDEBUG[0;39m [35m20992[0;39m [2m---[0;39m [2m[nio-8988-exec-2][0;39m [36mc.s.h.controller.BoardController        [0;39m [2m:[0;39m retrieveBoard - í˜¸ì¶œ
[2m2021-05-28 04:09:26.687[0;39m [32mDEBUG[0;39m [35m20992[0;39m [2m---[0;39m [2m[nio-8988-exec-8][0;39m [36mc.s.h.controller.BoardController        [0;39m [2m:[0;39m retrieveBoard - í˜¸ì¶œ
[2m2021-05-28 04:09:28.041[0;39m [32mDEBUG[0;39m [35m20992[0;39m [2m---[0;39m [2m[nio-8988-exec-5][0;39m [36mc.s.h.controller.BoardController        [0;39m [2m:[0;39m retrieveBoard - í˜¸ì¶œ
[2m2021-05-28 04:09:29.727[0;39m [32mDEBUG[0;39m [35m20992[0;39m [2m---[0;39m [2m[nio-8988-exec-6][0;39m [36mc.s.h.controller.BoardController        [0;39m [2m:[0;39m retrieveBoard - í˜¸ì¶œ
[2m2021-05-28 04:09:31.841[0;39m [32mDEBUG[0;39m [35m20992[0;39m [2m---[0;39m [2m[nio-8988-exec-3][0;39m [36mc.s.h.controller.BoardController        [0;39m [2m:[0;39m retrieveBoard - í˜¸ì¶œ
[2m2021-05-28 04:09:38.976[0;39m [32mDEBUG[0;39m [35m20992[0;39m [2m---[0;39m [2m[nio-8988-exec-7][0;39m [36mc.s.h.controller.BoardController        [0;39m [2m:[0;39m retrieveBoard - í˜¸ì¶œ
[2m2021-05-28 04:10:13.622[0;39m [32mDEBUG[0;39m [35m20992[0;39m [2m---[0;39m [2m[nio-8988-exec-1][0;39m [36mc.s.h.controller.BoardController        [0;39m [2m:[0;39m deleteBoard - í˜¸ì¶œ
[2m2021-05-28 04:10:15.130[0;39m [32mDEBUG[0;39m [35m20992[0;39m [2m---[0;39m [2m[io-8988-exec-10][0;39m [36mc.s.h.controller.BoardController        [0;39m [2m:[0;39m retrieveBoard - í˜¸ì¶œ
[2m2021-05-28 04:10:15.955[0;39m [32mDEBUG[0;39m [35m20992[0;39m [2m---[0;39m [2m[nio-8988-exec-2][0;39m [36mc.s.h.controller.BoardController        [0;39m [2m:[0;39m deleteBoard - í˜¸ì¶œ
[2m2021-05-28 04:10:16.184[0;39m [32mDEBUG[0;39m [35m20992[0;39m [2m---[0;39m [2m[nio-8988-exec-8][0;39m [36mc.s.h.controller.BoardController        [0;39m [2m:[0;39m retrieveBoard - í˜¸ì¶œ
[2m2021-05-28 04:10:16.849[0;39m [32mDEBUG[0;39m [35m20992[0;39m [2m---[0;39m [2m[nio-8988-exec-6][0;39m [36mc.s.h.controller.BoardController        [0;39m [2m:[0;39m deleteBoard - í˜¸ì¶œ
[2m2021-05-28 04:10:17.023[0;39m [32mDEBUG[0;39m [35m20992[0;39m [2m---[0;39m [2m[nio-8988-exec-3][0;39m [36mc.s.h.controller.BoardController        [0;39m [2m:[0;39m retrieveBoard - í˜¸ì¶œ
[2m2021-05-28 04:10:17.685[0;39m [32mDEBUG[0;39m [35m20992[0;39m [2m---[0;39m [2m[nio-8988-exec-4][0;39m [36mc.s.h.controller.BoardController        [0;39m [2m:[0;39m deleteBoard - í˜¸ì¶œ
[2m2021-05-28 04:10:17.871[0;39m [32mDEBUG[0;39m [35m20992[0;39m [2m---[0;39m [2m[nio-8988-exec-1][0;39m [36mc.s.h.controller.BoardController        [0;39m [2m:[0;39m retrieveBoard - í˜¸ì¶œ
[2m2021-05-28 04:11:06.176[0;39m [32mDEBUG[0;39m [35m20992[0;39m [2m---[0;39m [2m[io-8988-exec-10][0;39m [36mc.s.h.controller.BoardController        [0;39m [2m:[0;39m retrieveBoard - í˜¸ì¶œ
[2m2021-05-28 04:11:46.069[0;39m [32mDEBUG[0;39m [35m20992[0;39m [2m---[0;39m [2m[nio-8988-exec-2][0;39m [36mc.s.h.controller.BoardController        [0;39m [2m:[0;39m writeBoard - í˜¸ì¶œ
[2m2021-05-28 04:11:47.075[0;39m [32mDEBUG[0;39m [35m20992[0;39m [2m---[0;39m [2m[nio-8988-exec-8][0;39m [36mc.s.h.controller.BoardController        [0;39m [2m:[0;39m retrieveBoard - í˜¸ì¶œ
[2m2021-05-28 04:12:54.650[0;39m [32mDEBUG[0;39m [35m20992[0;39m [2m---[0;39m [2m[nio-8988-exec-6][0;39m [36mc.s.h.controller.BoardController        [0;39m [2m:[0;39m retrieveBoard - í˜¸ì¶œ
[2m2021-05-28 04:13:04.059[0;39m [32mDEBUG[0;39m [35m20992[0;39m [2m---[0;39m [2m[nio-8988-exec-3][0;39m [36mc.s.h.controller.BoardController        [0;39m [2m:[0;39m retrieveBoard - í˜¸ì¶œ
[2m2021-05-28 04:14:03.719[0;39m [32mDEBUG[0;39m [35m20992[0;39m [2m---[0;39m [2m[nio-8988-exec-7][0;39m [36mc.s.h.controller.BoardController        [0;39m [2m:[0;39m writeBoard - í˜¸ì¶œ
[2m2021-05-28 04:14:04.733[0;39m [32mDEBUG[0;39m [35m20992[0;39m [2m---[0;39m [2m[nio-8988-exec-4][0;39m [36mc.s.h.controller.BoardController        [0;39m [2m:[0;39m retrieveBoard - í˜¸ì¶œ
[2m2021-05-28 04:15:10.012[0;39m [32mDEBUG[0;39m [35m20992[0;39m [2m---[0;39m [2m[io-8988-exec-10][0;39m [36mc.s.h.controller.BoardController        [0;39m [2m:[0;39m writeBoard - í˜¸ì¶œ
[2m2021-05-28 04:15:10.966[0;39m [32mDEBUG[0;39m [35m20992[0;39m [2m---[0;39m [2m[nio-8988-exec-9][0;39m [36mc.s.h.controller.BoardController        [0;39m [2m:[0;39m retrieveBoard - í˜¸ì¶œ
[2m2021-05-28 04:16:07.551[0;39m [32mDEBUG[0;39m [35m20992[0;39m [2m---[0;39m [2m[nio-8988-exec-2][0;39m [36mc.s.h.controller.BoardController        [0;39m [2m:[0;39m detailBoard - í˜¸ì¶œ
[2m2021-05-28 04:16:10.752[0;39m [32mDEBUG[0;39m [35m20992[0;39m [2m---[0;39m [2m[nio-8988-exec-8][0;39m [36mc.s.h.controller.BoardController        [0;39m [2m:[0;39m retrieveBoard - í˜¸ì¶œ
[2m2021-05-28 04:16:13.295[0;39m [32mDEBUG[0;39m [35m20992[0;39m [2m---[0;39m [2m[nio-8988-exec-5][0;39m [36mc.s.h.controller.BoardController        [0;39m [2m:[0;39m retrieveBoard - í˜¸ì¶œ
[2m2021-05-28 04:17:03.911[0;39m [32mDEBUG[0;39m [35m20992[0;39m [2m---[0;39m [2m[nio-8988-exec-6][0;39m [36mc.s.h.controller.BoardController        [0;39m [2m:[0;39m writeBoard - í˜¸ì¶œ
[2m2021-05-28 04:17:05.209[0;39m [32mDEBUG[0;39m [35m20992[0;39m [2m---[0;39m [2m[nio-8988-exec-3][0;39m [36mc.s.h.controller.BoardController        [0;39m [2m:[0;39m retrieveBoard - í˜¸ì¶œ
[2m2021-05-28 04:17:10.656[0;39m [32mDEBUG[0;39m [35m20992[0;39m [2m---[0;39m [2m[nio-8988-exec-7][0;39m [36mc.s.h.controller.BoardController        [0;39m [2m:[0;39m detailBoard - í˜¸ì¶œ
[2m2021-05-28 04:17:12.455[0;39m [32mDEBUG[0;39m [35m20992[0;39m [2m---[0;39m [2m[nio-8988-exec-4][0;39m [36mc.s.h.controller.BoardController        [0;39m [2m:[0;39m retrieveBoard - í˜¸ì¶œ
[2m2021-05-28 04:18:17.355[0;39m [32mDEBUG[0;39m [35m20992[0;39m [2m---[0;39m [2m[io-8988-exec-10][0;39m [36mc.s.h.controller.BoardController        [0;39m [2m:[0;39m writeBoard - í˜¸ì¶œ
[2m2021-05-28 04:18:18.255[0;39m [32mDEBUG[0;39m [35m20992[0;39m [2m---[0;39m [2m[nio-8988-exec-9][0;39m [36mc.s.h.controller.BoardController        [0;39m [2m:[0;39m retrieveBoard - í˜¸ì¶œ
[2m2021-05-28 04:30:02.347[0;39m [32mDEBUG[0;39m [35m20992[0;39m [2m---[0;39m [2m[nio-8988-exec-8][0;39m [36mc.s.h.controller.CodeController         [0;39m [2m:[0;39m selectSigunguCode - í˜¸ì¶œ
[2m2021-05-28 04:30:03.455[0;39m [32mDEBUG[0;39m [35m20992[0;39m [2m---[0;39m [2m[nio-8988-exec-5][0;39m [36mc.s.h.controller.CodeController         [0;39m [2m:[0;39m selectHouseDongCode - í˜¸ì¶œ
[2m2021-05-28 04:30:55.427[0;39m [32mDEBUG[0;39m [35m20992[0;39m [2m---[0;39m [2m[nio-8988-exec-6][0;39m [36mc.s.h.controller.HouseController        [0;39m [2m:[0;39m selectAllHouseByDong - í˜¸ì¶œ
[2m2021-05-28 04:30:55.430[0;39m [32mDEBUG[0;39m [35m20992[0;39m [2m---[0;39m [2m[nio-8988-exec-3][0;39m [36mc.s.h.controller.HouseController        [0;39m [2m:[0;39m selectAptByDong - í˜¸ì¶œ
[2m2021-05-28 04:30:55.433[0;39m [32mDEBUG[0;39m [35m20992[0;39m [2m---[0;39m [2m[nio-8988-exec-7][0;39m [36mc.s.h.controller.HouseController        [0;39m [2m:[0;39m selectRowHouseByDong - í˜¸ì¶œ
[2m2021-05-28 04:30:55.434[0;39m [32mDEBUG[0;39m [35m20992[0;39m [2m---[0;39m [2m[nio-8988-exec-4][0;39m [36mc.s.h.controller.HouseController        [0;39m [2m:[0;39m selectDetachedHouseByDong - í˜¸ì¶œ
[2m2021-05-28 04:32:27.986[0;39m [32mDEBUG[0;39m [35m20992[0;39m [2m---[0;39m [2m[nio-8988-exec-1][0;39m [36mc.s.h.controller.BoardController        [0;39m [2m:[0;39m retrieveBoard - í˜¸ì¶œ
[2m2021-05-28 04:39:01.394[0;39m [32m INFO[0;39m [35m20992[0;39m [2m---[0;39m [2m[(493)-127.0.0.1][0;39m [36minMXBeanRegistrar$SpringApplicationAdmin[0;39m [2m:[0;39m Application shutdown requested.
[2m2021-05-28 04:39:02.213[0;39m [32m INFO[0;39m [35m20992[0;39m [2m---[0;39m [2m[(493)-127.0.0.1][0;39m [36mo.s.s.concurrent.ThreadPoolTaskExecutor [0;39m [2m:[0;39m Shutting down ExecutorService 'applicationTaskExecutor'
[2m2021-05-28 07:19:34.079[0;39m [32m INFO[0;39m [35m12320[0;39m [2m---[0;39m [2m[  restartedMain][0;39m [36m.e.DevToolsPropertyDefaultsPostProcessor[0;39m [2m:[0;39m Devtools property defaults active! Set 'spring.devtools.add-properties' to 'false' to disable
[2m2021-05-28 07:19:34.083[0;39m [32m INFO[0;39m [35m12320[0;39m [2m---[0;39m [2m[  restartedMain][0;39m [36m.e.DevToolsPropertyDefaultsPostProcessor[0;39m [2m:[0;39m For additional web related logging consider setting the 'logging.level.web' property to 'DEBUG'
[2m2021-05-28 07:19:35.705[0;39m [32m INFO[0;39m [35m12320[0;39m [2m---[0;39m [2m[  restartedMain][0;39m [36mo.s.b.w.embedded.tomcat.TomcatWebServer [0;39m [2m:[0;39m Tomcat initialized with port(s): 8988 (http)
[2m2021-05-28 07:19:35.807[0;39m [32m INFO[0;39m [35m12320[0;39m [2m---[0;39m [2m[  restartedMain][0;39m [36mw.s.c.ServletWebServerApplicationContext[0;39m [2m:[0;39m Root WebApplicationContext: initialization completed in 1722 ms
[2m2021-05-28 07:19:36.757[0;39m [32m INFO[0;39m [35m12320[0;39m [2m---[0;39m [2m[  restartedMain][0;39m [36mo.s.s.concurrent.ThreadPoolTaskExecutor [0;39m [2m:[0;39m Initializing ExecutorService 'applicationTaskExecutor'
[2m2021-05-28 07:19:36.806[0;39m [32m INFO[0;39m [35m12320[0;39m [2m---[0;39m [2m[  restartedMain][0;39m [36mo.s.b.d.a.OptionalLiveReloadServer      [0;39m [2m:[0;39m LiveReload server is running on port 35729
[2m2021-05-28 07:19:37.019[0;39m [32m INFO[0;39m [35m12320[0;39m [2m---[0;39m [2m[  restartedMain][0;39m [36mo.s.b.w.embedded.tomcat.TomcatWebServer [0;39m [2m:[0;39m Tomcat started on port(s): 8988 (http) with context path '/happyhouse'
[2m2021-05-28 07:20:21.122[0;39m [32m INFO[0;39m [35m12320[0;39m [2m---[0;39m [2m[nio-8988-exec-1][0;39m [36mo.s.web.servlet.DispatcherServlet       [0;39m [2m:[0;39m Initializing Servlet 'dispatcherServlet'
[2m2021-05-28 07:20:21.124[0;39m [32m INFO[0;39m [35m12320[0;39m [2m---[0;39m [2m[nio-8988-exec-1][0;39m [36mo.s.web.servlet.DispatcherServlet       [0;39m [2m:[0;39m Completed initialization in 1 ms
[2m2021-05-28 07:20:21.167[0;39m [32mDEBUG[0;39m [35m12320[0;39m [2m---[0;39m [2m[nio-8988-exec-1][0;39m [36mc.s.h.controller.CodeController         [0;39m [2m:[0;39m selectSigunguCode - í˜¸ì¶œ
[2m2021-05-28 07:20:24.240[0;39m [32mDEBUG[0;39m [35m12320[0;39m [2m---[0;39m [2m[nio-8988-exec-2][0;39m [36mc.s.h.controller.CodeController         [0;39m [2m:[0;39m selectHouseDongCode - í˜¸ì¶œ
[2m2021-05-28 07:20:27.623[0;39m [32mDEBUG[0;39m [35m12320[0;39m [2m---[0;39m [2m[nio-8988-exec-6][0;39m [36mc.s.h.controller.HouseController        [0;39m [2m:[0;39m selectRowHouseByDong - í˜¸ì¶œ
[2m2021-05-28 07:20:27.624[0;39m [32mDEBUG[0;39m [35m12320[0;39m [2m---[0;39m [2m[nio-8988-exec-5][0;39m [36mc.s.h.controller.HouseController        [0;39m [2m:[0;39m selectAptByDong - í˜¸ì¶œ
[2m2021-05-28 07:20:27.623[0;39m [32mDEBUG[0;39m [35m12320[0;39m [2m---[0;39m [2m[nio-8988-exec-7][0;39m [36mc.s.h.controller.HouseController        [0;39m [2m:[0;39m selectDetachedHouseByDong - í˜¸ì¶œ
[2m2021-05-28 07:20:27.623[0;39m [32mDEBUG[0;39m [35m12320[0;39m [2m---[0;39m [2m[nio-8988-exec-4][0;39m [36mc.s.h.controller.HouseController        [0;39m [2m:[0;39m selectAllHouseByDong - í˜¸ì¶œ
[2m2021-05-28 07:21:03.096[0;39m [32mDEBUG[0;39m [35m12320[0;39m [2m---[0;39m [2m[nio-8988-exec-9][0;39m [36mc.s.h.controller.CodeController         [0;39m [2m:[0;39m selectSigunguCode - í˜¸ì¶œ
[2m2021-05-28 07:21:05.009[0;39m [32mDEBUG[0;39m [35m12320[0;39m [2m---[0;39m [2m[nio-8988-exec-7][0;39m [36mc.s.h.controller.CodeController         [0;39m [2m:[0;39m selectHouseDongCode - í˜¸ì¶œ
[2m2021-05-28 07:21:07.738[0;39m [32mDEBUG[0;39m [35m12320[0;39m [2m---[0;39m [2m[nio-8988-exec-6][0;39m [36mc.s.h.controller.HouseController        [0;39m [2m:[0;39m selectAllHouseByDong - í˜¸ì¶œ
[2m2021-05-28 07:21:07.739[0;39m [32mDEBUG[0;39m [35m12320[0;39m [2m---[0;39m [2m[nio-8988-exec-4][0;39m [36mc.s.h.controller.HouseController        [0;39m [2m:[0;39m selectAptByDong - í˜¸ì¶œ
[2m2021-05-28 07:21:07.743[0;39m [32mDEBUG[0;39m [35m12320[0;39m [2m---[0;39m [2m[nio-8988-exec-8][0;39m [36mc.s.h.controller.HouseController        [0;39m [2m:[0;39m selectDetachedHouseByDong - í˜¸ì¶œ
[2m2021-05-28 07:21:07.745[0;39m [32mDEBUG[0;39m [35m12320[0;39m [2m---[0;39m [2m[nio-8988-exec-5][0;39m [36mc.s.h.controller.HouseController        [0;39m [2m:[0;39m selectRowHouseByDong - í˜¸ì¶œ
[2m2021-05-28 07:21:18.610[0;39m [32mDEBUG[0;39m [35m12320[0;39m [2m---[0;39m [2m[nio-8988-exec-3][0;39m [36mc.s.h.controller.CodeController         [0;39m [2m:[0;39m selectSigunguCode - í˜¸ì¶œ
[2m2021-05-28 07:21:25.308[0;39m [32mDEBUG[0;39m [35m12320[0;39m [2m---[0;39m [2m[nio-8988-exec-8][0;39m [36mc.s.h.controller.CodeController         [0;39m [2m:[0;39m selectHouseRentDongCode - í˜¸ì¶œ
[2m2021-05-28 07:21:28.058[0;39m [32mDEBUG[0;39m [35m12320[0;39m [2m---[0;39m [2m[nio-8988-exec-4][0;39m [36mc.s.h.controller.HouseRentController    [0;39m [2m:[0;39m selectAllHouseRentByDong - í˜¸ì¶œ
[2m2021-05-28 07:21:28.063[0;39m [32mDEBUG[0;39m [35m12320[0;39m [2m---[0;39m [2m[nio-8988-exec-6][0;39m [36mc.s.h.controller.HouseRentController    [0;39m [2m:[0;39m selectRowHouseRentByDong - í˜¸ì¶œ
[2m2021-05-28 07:21:28.063[0;39m [32mDEBUG[0;39m [35m12320[0;39m [2m---[0;39m [2m[nio-8988-exec-5][0;39m [36mc.s.h.controller.HouseRentController    [0;39m [2m:[0;39m selectAptRentByDong - í˜¸ì¶œ
[2m2021-05-28 07:21:28.069[0;39m [32mDEBUG[0;39m [35m12320[0;39m [2m---[0;39m [2m[io-8988-exec-10][0;39m [36mc.s.h.controller.HouseRentController    [0;39m [2m:[0;39m selectDetachedHouseRentByDong - í˜¸ì¶œ
[2m2021-05-28 07:22:48.117[0;39m [32mDEBUG[0;39m [35m12320[0;39m [2m---[0;39m [2m[nio-8988-exec-9][0;39m [36mc.s.h.controller.CodeController         [0;39m [2m:[0;39m selectSigunguCode - í˜¸ì¶œ
[2m2021-05-28 07:22:50.235[0;39m [32mDEBUG[0;39m [35m12320[0;39m [2m---[0;39m [2m[nio-8988-exec-6][0;39m [36mc.s.h.controller.CodeController         [0;39m [2m:[0;39m selectHouseDongCode - í˜¸ì¶œ
[2m2021-05-28 07:22:56.332[0;39m [32mDEBUG[0;39m [35m12320[0;39m [2m---[0;39m [2m[io-8988-exec-10][0;39m [36mc.s.h.controller.HouseController        [0;39m [2m:[0;39m selectAllHouseByDong - í˜¸ì¶œ
[2m2021-05-28 07:22:56.335[0;39m [32mDEBUG[0;39m [35m12320[0;39m [2m---[0;39m [2m[nio-8988-exec-5][0;39m [36mc.s.h.controller.HouseController        [0;39m [2m:[0;39m selectAptByDong - í˜¸ì¶œ
[2m2021-05-28 07:22:56.338[0;39m [32mDEBUG[0;39m [35m12320[0;39m [2m---[0;39m [2m[nio-8988-exec-4][0;39m [36mc.s.h.controller.HouseController        [0;39m [2m:[0;39m selectRowHouseByDong - í˜¸ì¶œ
[2m2021-05-28 07:22:56.345[0;39m [32mDEBUG[0;39m [35m12320[0;39m [2m---[0;39m [2m[nio-8988-exec-2][0;39m [36mc.s.h.controller.HouseController        [0;39m [2m:[0;39m selectDetachedHouseByDong - í˜¸ì¶œ
[2m2021-05-28 07:25:07.334[0;39m [32mDEBUG[0;39m [35m12320[0;39m [2m---[0;39m [2m[nio-8988-exec-8][0;39m [36mc.s.h.controller.CodeController         [0;39m [2m:[0;39m selectSigunguCode - í˜¸ì¶œ
[2m2021-05-28 07:25:09.941[0;39m [32mDEBUG[0;39m [35m12320[0;39m [2m---[0;39m [2m[nio-8988-exec-1][0;39m [36mc.s.h.controller.CodeController         [0;39m [2m:[0;39m selectHouseRentDongCode - í˜¸ì¶œ
[2m2021-05-28 07:25:21.271[0;39m [32mDEBUG[0;39m [35m12320[0;39m [2m---[0;39m [2m[io-8988-exec-10][0;39m [36mc.s.h.controller.HouseRentController    [0;39m [2m:[0;39m selectAptRentByDong - í˜¸ì¶œ
[2m2021-05-28 07:25:21.271[0;39m [32mDEBUG[0;39m [35m12320[0;39m [2m---[0;39m [2m[nio-8988-exec-4][0;39m [36mc.s.h.controller.HouseRentController    [0;39m [2m:[0;39m selectAllHouseRentByDong - í˜¸ì¶œ
[2m2021-05-28 07:25:21.273[0;39m [32mDEBUG[0;39m [35m12320[0;39m [2m---[0;39m [2m[nio-8988-exec-5][0;39m [36mc.s.h.controller.HouseRentController    [0;39m [2m:[0;39m selectRowHouseRentByDong - í˜¸ì¶œ
[2m2021-05-28 07:25:21.277[0;39m [32mDEBUG[0;39m [35m12320[0;39m [2m---[0;39m [2m[nio-8988-exec-9][0;39m [36mc.s.h.controller.HouseRentController    [0;39m [2m:[0;39m selectDetachedHouseRentByDong - í˜¸ì¶œ
[2m2021-05-28 07:25:28.237[0;39m [32mDEBUG[0;39m [35m12320[0;39m [2m---[0;39m [2m[nio-8988-exec-3][0;39m [36mc.s.h.controller.CodeController         [0;39m [2m:[0;39m selectSigunguCode - í˜¸ì¶œ
[2m2021-05-28 07:25:29.441[0;39m [32mDEBUG[0;39m [35m12320[0;39m [2m---[0;39m [2m[nio-8988-exec-9][0;39m [36mc.s.h.controller.CodeController         [0;39m [2m:[0;39m selectHouseRentDongCode - í˜¸ì¶œ
[2m2021-05-28 07:25:31.706[0;39m [32mDEBUG[0;39m [35m12320[0;39m [2m---[0;39m [2m[io-8988-exec-10][0;39m [36mc.s.h.controller.HouseRentController    [0;39m [2m:[0;39m selectAllHouseRentByDong - í˜¸ì¶œ
[2m2021-05-28 07:25:31.715[0;39m [32mDEBUG[0;39m [35m12320[0;39m [2m---[0;39m [2m[nio-8988-exec-5][0;39m [36mc.s.h.controller.HouseRentController    [0;39m [2m:[0;39m selectAptRentByDong - í˜¸ì¶œ
[2m2021-05-28 07:25:31.720[0;39m [32mDEBUG[0;39m [35m12320[0;39m [2m---[0;39m [2m[nio-8988-exec-4][0;39m [36mc.s.h.controller.HouseRentController    [0;39m [2m:[0;39m selectRowHouseRentByDong - í˜¸ì¶œ
[2m2021-05-28 07:25:31.722[0;39m [32mDEBUG[0;39m [35m12320[0;39m [2m---[0;39m [2m[nio-8988-exec-2][0;39m [36mc.s.h.controller.HouseRentController    [0;39m [2m:[0;39m selectDetachedHouseRentByDong - í˜¸ì¶œ
[2m2021-05-28 07:25:37.827[0;39m [32mDEBUG[0;39m [35m12320[0;39m [2m---[0;39m [2m[nio-8988-exec-1][0;39m [36mc.s.h.controller.CodeController         [0;39m [2m:[0;39m selectSigunguCode - í˜¸ì¶œ
[2m2021-05-28 07:25:47.637[0;39m [32mDEBUG[0;39m [35m12320[0;39m [2m---[0;39m [2m[nio-8988-exec-2][0;39m [36mc.s.h.controller.CodeController         [0;39m [2m:[0;39m selectHouseRentDongCode - í˜¸ì¶œ
[2m2021-05-28 07:25:51.137[0;39m [32mDEBUG[0;39m [35m12320[0;39m [2m---[0;39m [2m[nio-8988-exec-5][0;39m [36mc.s.h.controller.HouseRentController    [0;39m [2m:[0;39m selectAllHouseRentByDong - í˜¸ì¶œ
[2m2021-05-28 07:25:51.138[0;39m [32mDEBUG[0;39m [35m12320[0;39m [2m---[0;39m [2m[io-8988-exec-10][0;39m [36mc.s.h.controller.HouseRentController    [0;39m [2m:[0;39m selectAptRentByDong - í˜¸ì¶œ
[2m2021-05-28 07:25:51.141[0;39m [32mDEBUG[0;39m [35m12320[0;39m [2m---[0;39m [2m[nio-8988-exec-7][0;39m [36mc.s.h.controller.HouseRentController    [0;39m [2m:[0;39m selectRowHouseRentByDong - í˜¸ì¶œ
[2m2021-05-28 07:25:51.143[0;39m [32mDEBUG[0;39m [35m12320[0;39m [2m---[0;39m [2m[nio-8988-exec-3][0;39m [36mc.s.h.controller.HouseRentController    [0;39m [2m:[0;39m selectDetachedHouseRentByDong - í˜¸ì¶œ
[2m2021-05-28 07:26:02.597[0;39m [32mDEBUG[0;39m [35m12320[0;39m [2m---[0;39m [2m[nio-8988-exec-9][0;39m [36mc.s.h.controller.CodeController         [0;39m [2m:[0;39m selectSigunguCode - í˜¸ì¶œ
[2m2021-05-28 07:26:04.159[0;39m [32mDEBUG[0;39m [35m12320[0;39m [2m---[0;39m [2m[nio-8988-exec-3][0;39m [36mc.s.h.controller.CodeController         [0;39m [2m:[0;39m selectHouseDongCode - í˜¸ì¶œ
[2m2021-05-28 07:26:06.126[0;39m [32mDEBUG[0;39m [35m12320[0;39m [2m---[0;39m [2m[nio-8988-exec-7][0;39m [36mc.s.h.controller.HouseController        [0;39m [2m:[0;39m selectAllHouseByDong - í˜¸ì¶œ
[2m2021-05-28 07:26:06.128[0;39m [32mDEBUG[0;39m [35m12320[0;39m [2m---[0;39m [2m[io-8988-exec-10][0;39m [36mc.s.h.controller.HouseController        [0;39m [2m:[0;39m selectAptByDong - í˜¸ì¶œ
[2m2021-05-28 07:26:06.129[0;39m [32mDEBUG[0;39m [35m12320[0;39m [2m---[0;39m [2m[nio-8988-exec-5][0;39m [36mc.s.h.controller.HouseController        [0;39m [2m:[0;39m selectRowHouseByDong - í˜¸ì¶œ
[2m2021-05-28 07:26:06.131[0;39m [32mDEBUG[0;39m [35m12320[0;39m [2m---[0;39m [2m[nio-8988-exec-6][0;39m [36mc.s.h.controller.HouseController        [0;39m [2m:[0;39m selectDetachedHouseByDong - í˜¸ì¶œ
[2m2021-05-28 07:26:10.845[0;39m [32mDEBUG[0;39m [35m12320[0;39m [2m---[0;39m [2m[nio-8988-exec-1][0;39m [36mc.s.h.controller.CodeController         [0;39m [2m:[0;39m selectSigunguCode - í˜¸ì¶œ
[2m2021-05-28 07:26:12.730[0;39m [32mDEBUG[0;39m [35m12320[0;39m [2m---[0;39m [2m[nio-8988-exec-7][0;39m [36mc.s.h.controller.CodeController         [0;39m [2m:[0;39m selectHouseDongCode - í˜¸ì¶œ
[2m2021-05-28 07:26:18.524[0;39m [32mDEBUG[0;39m [35m12320[0;39m [2m---[0;39m [2m[nio-8988-exec-6][0;39m [36mc.s.h.controller.HouseController        [0;39m [2m:[0;39m selectAllHouseByDong - í˜¸ì¶œ
[2m2021-05-28 07:26:18.528[0;39m [32mDEBUG[0;39m [35m12320[0;39m [2m---[0;39m [2m[nio-8988-exec-2][0;39m [36mc.s.h.controller.HouseController        [0;39m [2m:[0;39m selectDetachedHouseByDong - í˜¸ì¶œ
[2m2021-05-28 07:26:18.529[0;39m [32mDEBUG[0;39m [35m12320[0;39m [2m---[0;39m [2m[io-8988-exec-10][0;39m [36mc.s.h.controller.HouseController        [0;39m [2m:[0;39m selectAptByDong - í˜¸ì¶œ
[2m2021-05-28 07:26:18.532[0;39m [32mDEBUG[0;39m [35m12320[0;39m [2m---[0;39m [2m[nio-8988-exec-4][0;39m [36mc.s.h.controller.HouseController        [0;39m [2m:[0;39m selectRowHouseByDong - í˜¸ì¶œ
[2m2021-05-28 07:27:38.180[0;39m [32mDEBUG[0;39m [35m12320[0;39m [2m---[0;39m [2m[nio-8988-exec-4][0;39m [36mc.s.h.controller.HouseController        [0;39m [2m:[0;39m selcetOfficetel - í˜¸ì¶œ
[2m2021-05-28 07:28:20.597[0;39m [32mDEBUG[0;39m [35m12320[0;39m [2m---[0;39m [2m[nio-8988-exec-6][0;39m [36mc.s.h.controller.HouseController        [0;39m [2m:[0;39m selcetOfficetelByDong - í˜¸ì¶œ
[2m2021-05-28 07:28:51.260[0;39m [32mDEBUG[0;39m [35m12320[0;39m [2m---[0;39m [2m[nio-8988-exec-1][0;39m [36mc.s.h.controller.HouseController        [0;39m [2m:[0;39m selectAllHouseByDong - í˜¸ì¶œ
[2m2021-05-28 07:28:51.264[0;39m [32mDEBUG[0;39m [35m12320[0;39m [2m---[0;39m [2m[io-8988-exec-10][0;39m [36mc.s.h.controller.HouseController        [0;39m [2m:[0;39m selectRowHouseByDong - í˜¸ì¶œ
[2m2021-05-28 07:28:51.264[0;39m [32mDEBUG[0;39m [35m12320[0;39m [2m---[0;39m [2m[nio-8988-exec-5][0;39m [36mc.s.h.controller.HouseController        [0;39m [2m:[0;39m selectAptByDong - í˜¸ì¶œ
[2m2021-05-28 07:28:51.272[0;39m [32mDEBUG[0;39m [35m12320[0;39m [2m---[0;39m [2m[nio-8988-exec-4][0;39m [36mc.s.h.controller.HouseController        [0;39m [2m:[0;39m selectDetachedHouseByDong - í˜¸ì¶œ
[2m2021-05-28 07:28:55.812[0;39m [32mDEBUG[0;39m [35m12320[0;39m [2m---[0;39m [2m[nio-8988-exec-7][0;39m [36mc.s.h.controller.CodeController         [0;39m [2m:[0;39m selectSigunguCode - í˜¸ì¶œ
[2m2021-05-28 07:29:01.823[0;39m [32mDEBUG[0;39m [35m12320[0;39m [2m---[0;39m [2m[nio-8988-exec-9][0;39m [36mc.s.h.controller.CodeController         [0;39m [2m:[0;39m selectHouseDongCode - í˜¸ì¶œ
[2m2021-05-28 07:29:08.918[0;39m [32mDEBUG[0;39m [35m12320[0;39m [2m---[0;39m [2m[nio-8988-exec-5][0;39m [36mc.s.h.controller.CodeController         [0;39m [2m:[0;39m selectHouseDongCode - í˜¸ì¶œ
[2m2021-05-28 07:29:20.558[0;39m [32mDEBUG[0;39m [35m12320[0;39m [2m---[0;39m [2m[nio-8988-exec-1][0;39m [36mc.s.h.controller.CodeController         [0;39m [2m:[0;39m selectHouseDongCode - í˜¸ì¶œ
[2m2021-05-28 07:29:25.459[0;39m [32mDEBUG[0;39m [35m12320[0;39m [2m---[0;39m [2m[nio-8988-exec-7][0;39m [36mc.s.h.controller.HouseController        [0;39m [2m:[0;39m selectAptByDong - í˜¸ì¶œ
[2m2021-05-28 07:29:25.459[0;39m [32mDEBUG[0;39m [35m12320[0;39m [2m---[0;39m [2m[nio-8988-exec-6][0;39m [36mc.s.h.controller.HouseController        [0;39m [2m:[0;39m selectAllHouseByDong - í˜¸ì¶œ
[2m2021-05-28 07:29:25.462[0;39m [32mDEBUG[0;39m [35m12320[0;39m [2m---[0;39m [2m[nio-8988-exec-8][0;39m [36mc.s.h.controller.HouseController        [0;39m [2m:[0;39m selectDetachedHouseByDong - í˜¸ì¶œ
[2m2021-05-28 07:29:25.462[0;39m [32mDEBUG[0;39m [35m12320[0;39m [2m---[0;39m [2m[nio-8988-exec-3][0;39m [36mc.s.h.controller.HouseController        [0;39m [2m:[0;39m selectRowHouseByDong - í˜¸ì¶œ
[2m2021-05-28 07:30:31.382[0;39m [32m INFO[0;39m [35m12320[0;39m [2m---[0;39m [2m[       Thread-6][0;39m [36mo.s.s.concurrent.ThreadPoolTaskExecutor [0;39m [2m:[0;39m Shutting down ExecutorService 'applicationTaskExecutor'
[2m2021-05-28 07:30:32.294[0;39m [32m INFO[0;39m [35m12320[0;39m [2m---[0;39m [2m[  restartedMain][0;39m [36mo.s.b.w.embedded.tomcat.TomcatWebServer [0;39m [2m:[0;39m Tomcat initialized with port(s): 8988 (http)
[2m2021-05-28 07:30:32.319[0;39m [32m INFO[0;39m [35m12320[0;39m [2m---[0;39m [2m[  restartedMain][0;39m [36mw.s.c.ServletWebServerApplicationContext[0;39m [2m:[0;39m Root WebApplicationContext: initialization completed in 736 ms
[2m2021-05-28 07:30:32.592[0;39m [32m INFO[0;39m [35m12320[0;39m [2m---[0;39m [2m[  restartedMain][0;39m [36mo.s.s.concurrent.ThreadPoolTaskExecutor [0;39m [2m:[0;39m Initializing ExecutorService 'applicationTaskExecutor'
[2m2021-05-28 07:30:32.600[0;39m [32m INFO[0;39m [35m12320[0;39m [2m---[0;39m [2m[  restartedMain][0;39m [36mo.s.b.d.a.OptionalLiveReloadServer      [0;39m [2m:[0;39m LiveReload server is running on port 35729
[2m2021-05-28 07:30:32.660[0;39m [32m INFO[0;39m [35m12320[0;39m [2m---[0;39m [2m[  restartedMain][0;39m [36mo.s.b.w.embedded.tomcat.TomcatWebServer [0;39m [2m:[0;39m Tomcat started on port(s): 8988 (http) with context path '/happyhouse'
[2m2021-05-28 07:30:32.740[0;39m [32m INFO[0;39m [35m12320[0;39m [2m---[0;39m [2m[  restartedMain][0;39m [36m.ConditionEvaluationDeltaLoggingListener[0;39m [2m:[0;39m Condition evaluation unchanged
[2m2021-05-28 07:30:38.752[0;39m [32m INFO[0;39m [35m12320[0;39m [2m---[0;39m [2m[nio-8988-exec-1][0;39m [36mo.s.web.servlet.DispatcherServlet       [0;39m [2m:[0;39m Initializing Servlet 'dispatcherServlet'
[2m2021-05-28 07:30:38.753[0;39m [32m INFO[0;39m [35m12320[0;39m [2m---[0;39m [2m[nio-8988-exec-1][0;39m [36mo.s.web.servlet.DispatcherServlet       [0;39m [2m:[0;39m Completed initialization in 1 ms
[2m2021-05-28 07:30:38.757[0;39m [32mDEBUG[0;39m [35m12320[0;39m [2m---[0;39m [2m[nio-8988-exec-1][0;39m [36mc.s.h.controller.HouseController        [0;39m [2m:[0;39m selectAllHouseByDong - í˜¸ì¶œ
[2m2021-05-28 07:30:38.757[0;39m [32mDEBUG[0;39m [35m12320[0;39m [2m---[0;39m [2m[nio-8988-exec-3][0;39m [36mc.s.h.controller.HouseController        [0;39m [2m:[0;39m selectRowHouseByDong - í˜¸ì¶œ
[2m2021-05-28 07:30:38.758[0;39m [32mDEBUG[0;39m [35m12320[0;39m [2m---[0;39m [2m[nio-8988-exec-2][0;39m [36mc.s.h.controller.HouseController        [0;39m [2m:[0;39m selectAptByDong - í˜¸ì¶œ
[2m2021-05-28 07:30:38.758[0;39m [32mDEBUG[0;39m [35m12320[0;39m [2m---[0;39m [2m[nio-8988-exec-4][0;39m [36mc.s.h.controller.HouseController        [0;39m [2m:[0;39m selectDetachedHouseByDong - í˜¸ì¶œ
[2m2021-05-28 07:30:38.765[0;39m [32mDEBUG[0;39m [35m12320[0;39m [2m---[0;39m [2m[nio-8988-exec-5][0;39m [36mc.s.h.controller.HouseController        [0;39m [2m:[0;39m selcetOfficetelByDong - í˜¸ì¶œ
[2m2021-05-28 07:34:00.948[0;39m [32mDEBUG[0;39m [35m12320[0;39m [2m---[0;39m [2m[nio-8988-exec-3][0;39m [36mc.s.h.controller.CodeController         [0;39m [2m:[0;39m selectSigunguCode - í˜¸ì¶œ
[2m2021-05-28 07:34:04.615[0;39m [32mDEBUG[0;39m [35m12320[0;39m [2m---[0;39m [2m[nio-8988-exec-5][0;39m [36mc.s.h.controller.CodeController         [0;39m [2m:[0;39m selectHouseDongCode - í˜¸ì¶œ
[2m2021-05-28 07:34:09.508[0;39m [32mDEBUG[0;39m [35m12320[0;39m [2m---[0;39m [2m[nio-8988-exec-2][0;39m [36mc.s.h.controller.HouseController        [0;39m [2m:[0;39m selectAptByDong - í˜¸ì¶œ
[2m2021-05-28 07:34:09.509[0;39m [32mDEBUG[0;39m [35m12320[0;39m [2m---[0;39m [2m[nio-8988-exec-1][0;39m [36mc.s.h.controller.HouseController        [0;39m [2m:[0;39m selectAllHouseByDong - í˜¸ì¶œ
[2m2021-05-28 07:34:09.508[0;39m [32mDEBUG[0;39m [35m12320[0;39m [2m---[0;39m [2m[nio-8988-exec-8][0;39m [36mc.s.h.controller.HouseController        [0;39m [2m:[0;39m selectRowHouseByDong - í˜¸ì¶œ
[2m2021-05-28 07:34:09.511[0;39m [32mDEBUG[0;39m [35m12320[0;39m [2m---[0;39m [2m[nio-8988-exec-6][0;39m [36mc.s.h.controller.HouseController        [0;39m [2m:[0;39m selectDetachedHouseByDong - í˜¸ì¶œ
[2m2021-05-28 07:34:09.512[0;39m [32mDEBUG[0;39m [35m12320[0;39m [2m---[0;39m [2m[nio-8988-exec-7][0;39m [36mc.s.h.controller.HouseController        [0;39m [2m:[0;39m selcetOfficetelByDong - í˜¸ì¶œ
[2m2021-05-28 07:34:32.967[0;39m [32mDEBUG[0;39m [35m12320[0;39m [2m---[0;39m [2m[nio-8988-exec-7][0;39m [36mc.s.h.controller.CodeController         [0;39m [2m:[0;39m selectSigunguCode - í˜¸ì¶œ
[2m2021-05-28 07:34:36.174[0;39m [32mDEBUG[0;39m [35m12320[0;39m [2m---[0;39m [2m[nio-8988-exec-6][0;39m [36mc.s.h.controller.CodeController         [0;39m [2m:[0;39m selectHouseRentDongCode - í˜¸ì¶œ
[2m2021-05-28 07:34:42.951[0;39m [32mDEBUG[0;39m [35m12320[0;39m [2m---[0;39m [2m[nio-8988-exec-2][0;39m [36mc.s.h.controller.HouseRentController    [0;39m [2m:[0;39m selectAptRentByDong - í˜¸ì¶œ
[2m2021-05-28 07:34:42.954[0;39m [32mDEBUG[0;39m [35m12320[0;39m [2m---[0;39m [2m[nio-8988-exec-1][0;39m [36mc.s.h.controller.HouseRentController    [0;39m [2m:[0;39m selectDetachedHouseRentByDong - í˜¸ì¶œ
[2m2021-05-28 07:34:42.955[0;39m [32mDEBUG[0;39m [35m12320[0;39m [2m---[0;39m [2m[nio-8988-exec-8][0;39m [36mc.s.h.controller.HouseRentController    [0;39m [2m:[0;39m selectRowHouseRentByDong - í˜¸ì¶œ
[2m2021-05-28 07:34:42.969[0;39m [32mDEBUG[0;39m [35m12320[0;39m [2m---[0;39m [2m[nio-8988-exec-3][0;39m [36mc.s.h.controller.HouseRentController    [0;39m [2m:[0;39m selectAllHouseRentByDong - í˜¸ì¶œ
[2m2021-05-28 07:35:00.091[0;39m [32mDEBUG[0;39m [35m12320[0;39m [2m---[0;39m [2m[nio-8988-exec-9][0;39m [36mc.s.h.controller.BoardController        [0;39m [2m:[0;39m retrieveBoard - í˜¸ì¶œ
[2m2021-05-28 07:35:22.500[0;39m [32mDEBUG[0;39m [35m12320[0;39m [2m---[0;39m [2m[nio-8988-exec-2][0;39m [36mc.s.h.controller.BoardController        [0;39m [2m:[0;39m writeBoard - í˜¸ì¶œ
[2m2021-05-28 07:35:23.564[0;39m [32mDEBUG[0;39m [35m12320[0;39m [2m---[0;39m [2m[nio-8988-exec-3][0;39m [36mc.s.h.controller.BoardController        [0;39m [2m:[0;39m retrieveBoard - í˜¸ì¶œ
[2m2021-05-28 07:35:30.460[0;39m [32mDEBUG[0;39m [35m12320[0;39m [2m---[0;39m [2m[io-8988-exec-10][0;39m [36mc.s.h.controller.BoardController        [0;39m [2m:[0;39m deleteBoard - í˜¸ì¶œ
[2m2021-05-28 07:35:31.596[0;39m [32mDEBUG[0;39m [35m12320[0;39m [2m---[0;39m [2m[nio-8988-exec-4][0;39m [36mc.s.h.controller.BoardController        [0;39m [2m:[0;39m retrieveBoard - í˜¸ì¶œ
[2m2021-05-28 07:35:34.635[0;39m [32mDEBUG[0;39m [35m12320[0;39m [2m---[0;39m [2m[nio-8988-exec-5][0;39m [36mc.s.h.controller.BoardController        [0;39m [2m:[0;39m detailBoard - í˜¸ì¶œ
[2m2021-05-28 07:35:39.536[0;39m [32mDEBUG[0;39m [35m12320[0;39m [2m---[0;39m [2m[nio-8988-exec-1][0;39m [36mc.s.h.controller.BoardController        [0;39m [2m:[0;39m retrieveBoard - í˜¸ì¶œ
[2m2021-05-28 07:37:41.447[0;39m [32mDEBUG[0;39m [35m12320[0;39m [2m---[0;39m [2m[nio-8988-exec-2][0;39m [36mc.s.h.controller.CodeController         [0;39m [2m:[0;39m selectSigunguCode - í˜¸ì¶œ
[2m2021-05-28 07:37:50.044[0;39m [32mDEBUG[0;39m [35m12320[0;39m [2m---[0;39m [2m[nio-8988-exec-7][0;39m [36mc.s.h.controller.CodeController         [0;39m [2m:[0;39m selectHouseDongCode - í˜¸ì¶œ
[2m2021-05-28 07:37:53.901[0;39m [32mDEBUG[0;39m [35m12320[0;39m [2m---[0;39m [2m[nio-8988-exec-6][0;39m [36mc.s.h.controller.HouseController        [0;39m [2m:[0;39m selectAllHouseByDong - í˜¸ì¶œ
[2m2021-05-28 07:37:53.902[0;39m [32mDEBUG[0;39m [35m12320[0;39m [2m---[0;39m [2m[io-8988-exec-10][0;39m [36mc.s.h.controller.HouseController        [0;39m [2m:[0;39m selectAptByDong - í˜¸ì¶œ
[2m2021-05-28 07:37:53.903[0;39m [32mDEBUG[0;39m [35m12320[0;39m [2m---[0;39m [2m[nio-8988-exec-4][0;39m [36mc.s.h.controller.HouseController        [0;39m [2m:[0;39m selectRowHouseByDong - í˜¸ì¶œ
[2m2021-05-28 07:37:53.903[0;39m [32mDEBUG[0;39m [35m12320[0;39m [2m---[0;39m [2m[nio-8988-exec-5][0;39m [36mc.s.h.controller.HouseController        [0;39m [2m:[0;39m selectDetachedHouseByDong - í˜¸ì¶œ
[2m2021-05-28 07:37:53.904[0;39m [32mDEBUG[0;39m [35m12320[0;39m [2m---[0;39m [2m[nio-8988-exec-9][0;39m [36mc.s.h.controller.HouseController        [0;39m [2m:[0;39m selcetOfficetelByDong - í˜¸ì¶œ
[2m2021-05-28 07:38:31.018[0;39m [32mDEBUG[0;39m [35m12320[0;39m [2m---[0;39m [2m[nio-8988-exec-9][0;39m [36mc.s.h.controller.CodeController         [0;39m [2m:[0;39m selectSigunguCode - í˜¸ì¶œ
[2m2021-05-28 07:38:32.942[0;39m [32mDEBUG[0;39m [35m12320[0;39m [2m---[0;39m [2m[nio-8988-exec-5][0;39m [36mc.s.h.controller.CodeController         [0;39m [2m:[0;39m selectHouseRentDongCode - í˜¸ì¶œ
[2m2021-05-28 07:38:36.652[0;39m [32mDEBUG[0;39m [35m12320[0;39m [2m---[0;39m [2m[nio-8988-exec-4][0;39m [36mc.s.h.controller.HouseRentController    [0;39m [2m:[0;39m selectAllHouseRentByDong - í˜¸ì¶œ
[2m2021-05-28 07:38:36.658[0;39m [32mDEBUG[0;39m [35m12320[0;39m [2m---[0;39m [2m[io-8988-exec-10][0;39m [36mc.s.h.controller.HouseRentController    [0;39m [2m:[0;39m selectAptRentByDong - í˜¸ì¶œ
[2m2021-05-28 07:38:36.659[0;39m [32mDEBUG[0;39m [35m12320[0;39m [2m---[0;39m [2m[nio-8988-exec-6][0;39m [36mc.s.h.controller.HouseRentController    [0;39m [2m:[0;39m selectRowHouseRentByDong - í˜¸ì¶œ
[2m2021-05-28 07:38:36.669[0;39m [32mDEBUG[0;39m [35m12320[0;39m [2m---[0;39m [2m[nio-8988-exec-8][0;39m [36mc.s.h.controller.HouseRentController    [0;39m [2m:[0;39m selectDetachedHouseRentByDong - í˜¸ì¶œ
[2m2021-05-28 07:38:53.602[0;39m [32mDEBUG[0;39m [35m12320[0;39m [2m---[0;39m [2m[nio-8988-exec-3][0;39m [36mc.s.h.controller.BoardController        [0;39m [2m:[0;39m retrieveBoard - í˜¸ì¶œ
[2m2021-05-28 07:39:15.771[0;39m [32mDEBUG[0;39m [35m12320[0;39m [2m---[0;39m [2m[nio-8988-exec-6][0;39m [36mc.s.h.controller.BoardController        [0;39m [2m:[0;39m writeBoard - í˜¸ì¶œ
[2m2021-05-28 07:39:16.682[0;39m [32mDEBUG[0;39m [35m12320[0;39m [2m---[0;39m [2m[nio-8988-exec-8][0;39m [36mc.s.h.controller.BoardController        [0;39m [2m:[0;39m retrieveBoard - í˜¸ì¶œ
[2m2021-05-28 07:39:20.269[0;39m [32mDEBUG[0;39m [35m12320[0;39m [2m---[0;39m [2m[nio-8988-exec-4][0;39m [36mc.s.h.controller.BoardController        [0;39m [2m:[0;39m detailBoard - í˜¸ì¶œ
[2m2021-05-28 07:39:23.796[0;39m [32mDEBUG[0;39m [35m12320[0;39m [2m---[0;39m [2m[nio-8988-exec-5][0;39m [36mc.s.h.controller.BoardController        [0;39m [2m:[0;39m updateBoard - í˜¸ì¶œ
[2m2021-05-28 07:39:23.796[0;39m [32mDEBUG[0;39m [35m12320[0;39m [2m---[0;39m [2m[nio-8988-exec-5][0;39m [36mc.s.h.controller.BoardController        [0;39m [2m:[0;39m Board [no=11, title=ê³µì§€ì‚¬í•­, content=ê³µì§€ì‚¬í•­ìž…ë‹ˆë‹¤.!!!, writer=ê´€ë¦¬ìž, regtime=Fri May 28 07:39:15 KST 2021]
[2m2021-05-28 07:39:24.625[0;39m [32mDEBUG[0;39m [35m12320[0;39m [2m---[0;39m [2m[nio-8988-exec-1][0;39m [36mc.s.h.controller.BoardController        [0;39m [2m:[0;39m retrieveBoard - í˜¸ì¶œ
[2m2021-05-28 07:39:29.146[0;39m [32mDEBUG[0;39m [35m12320[0;39m [2m---[0;39m [2m[nio-8988-exec-3][0;39m [36mc.s.h.controller.BoardController        [0;39m [2m:[0;39m deleteBoard - í˜¸ì¶œ
[2m2021-05-28 07:39:30.437[0;39m [32mDEBUG[0;39m [35m12320[0;39m [2m---[0;39m [2m[nio-8988-exec-7][0;39m [36mc.s.h.controller.BoardController        [0;39m [2m:[0;39m retrieveBoard - í˜¸ì¶œ
[2m2021-05-28 07:39:39.043[0;39m [32mDEBUG[0;39m [35m12320[0;39m [2m---[0;39m [2m[nio-8988-exec-8][0;39m [36mc.s.h.controller.BoardController        [0;39m [2m:[0;39m detailBoard - í˜¸ì¶œ
[2m2021-05-28 07:39:46.923[0;39m [32mDEBUG[0;39m [35m12320[0;39m [2m---[0;39m [2m[nio-8988-exec-4][0;39m [36mc.s.h.controller.BoardController        [0;39m [2m:[0;39m retrieveBoard - í˜¸ì¶œ
