[2m2021-05-18 12:45:05.835[0;39m [32m INFO[0;39m [35m29640[0;39m [2m---[0;39m [2m[           main][0;39m [36mcom.ssafy.edu.LoginApplication          [0;39m [2m:[0;39m Starting LoginApplication using Java 1.8.0_192 on JEON-PC with PID 29640 (C:\ssafy\spring\login\target\classes started by JEON in C:\ssafy\spring\login)
[2m2021-05-18 12:45:05.838[0;39m [32m INFO[0;39m [35m29640[0;39m [2m---[0;39m [2m[           main][0;39m [36mcom.ssafy.edu.LoginApplication          [0;39m [2m:[0;39m No active profile set, falling back to default profiles: default
[2m2021-05-18 12:45:06.570[0;39m [32m INFO[0;39m [35m29640[0;39m [2m---[0;39m [2m[           main][0;39m [36m.s.d.r.c.RepositoryConfigurationDelegate[0;39m [2m:[0;39m Bootstrapping Spring Data JPA repositories in DEFAULT mode.
[2m2021-05-18 12:45:06.656[0;39m [32m INFO[0;39m [35m29640[0;39m [2m---[0;39m [2m[           main][0;39m [36m.s.d.r.c.RepositoryConfigurationDelegate[0;39m [2m:[0;39m Finished Spring Data repository scanning in 78 ms. Found 2 JPA repository interfaces.
[2m2021-05-18 12:45:06.938[0;39m [32m INFO[0;39m [35m29640[0;39m [2m---[0;39m [2m[           main][0;39m [36mtrationDelegate$BeanPostProcessorChecker[0;39m [2m:[0;39m Bean 'org.springframework.security.access.expression.method.DefaultMethodSecurityExpressionHandler@6df7988f' of type [org.springframework.security.access.expression.method.DefaultMethodSecurityExpressionHandler] is not eligible for getting processed by all BeanPostProcessors (for example: not eligible for auto-proxying)
[2m2021-05-18 12:45:06.945[0;39m [32m INFO[0;39m [35m29640[0;39m [2m---[0;39m [2m[           main][0;39m [36mtrationDelegate$BeanPostProcessorChecker[0;39m [2m:[0;39m Bean 'methodSecurityMetadataSource' of type [org.springframework.security.access.method.DelegatingMethodSecurityMetadataSource] is not eligible for getting processed by all BeanPostProcessors (for example: not eligible for auto-proxying)
[2m2021-05-18 12:45:07.231[0;39m [32m INFO[0;39m [35m29640[0;39m [2m---[0;39m [2m[           main][0;39m [36mo.s.b.w.embedded.tomcat.TomcatWebServer [0;39m [2m:[0;39m Tomcat initialized with port(s): 8397 (http)
[2m2021-05-18 12:45:07.239[0;39m [32m INFO[0;39m [35m29640[0;39m [2m---[0;39m [2m[           main][0;39m [36mo.a.coyote.http11.Http11NioProtocol     [0;39m [2m:[0;39m Initializing ProtocolHandler ["http-nio-8397"]
[2m2021-05-18 12:45:07.239[0;39m [32m INFO[0;39m [35m29640[0;39m [2m---[0;39m [2m[           main][0;39m [36mo.apache.catalina.core.StandardService  [0;39m [2m:[0;39m Starting service [Tomcat]
[2m2021-05-18 12:45:07.239[0;39m [32m INFO[0;39m [35m29640[0;39m [2m---[0;39m [2m[           main][0;39m [36morg.apache.catalina.core.StandardEngine [0;39m [2m:[0;39m Starting Servlet engine: [Apache Tomcat/9.0.45]
[2m2021-05-18 12:45:07.347[0;39m [32m INFO[0;39m [35m29640[0;39m [2m---[0;39m [2m[           main][0;39m [36mo.a.c.c.C.[Tomcat].[localhost].[/]      [0;39m [2m:[0;39m Initializing Spring embedded WebApplicationContext
[2m2021-05-18 12:45:07.347[0;39m [32m INFO[0;39m [35m29640[0;39m [2m---[0;39m [2m[           main][0;39m [36mw.s.c.ServletWebServerApplicationContext[0;39m [2m:[0;39m Root WebApplicationContext: initialization completed in 1464 ms
[2m2021-05-18 12:45:07.439[0;39m [33m WARN[0;39m [35m29640[0;39m [2m---[0;39m [2m[           main][0;39m [36mJpaBaseConfiguration$JpaWebConfiguration[0;39m [2m:[0;39m spring.jpa.open-in-view is enabled by default. Therefore, database queries may be performed during view rendering. Explicitly configure spring.jpa.open-in-view to disable this warning
[2m2021-05-18 12:45:07.571[0;39m [32m INFO[0;39m [35m29640[0;39m [2m---[0;39m [2m[           main][0;39m [36mcom.zaxxer.hikari.HikariDataSource      [0;39m [2m:[0;39m HikariPool-1 - Starting...
[2m2021-05-18 12:45:07.804[0;39m [32m INFO[0;39m [35m29640[0;39m [2m---[0;39m [2m[           main][0;39m [36mcom.zaxxer.hikari.HikariDataSource      [0;39m [2m:[0;39m HikariPool-1 - Start completed.
[2m2021-05-18 12:45:07.864[0;39m [32m INFO[0;39m [35m29640[0;39m [2m---[0;39m [2m[           main][0;39m [36mo.hibernate.jpa.internal.util.LogHelper [0;39m [2m:[0;39m HHH000204: Processing PersistenceUnitInfo [name: default]
[2m2021-05-18 12:45:08.011[0;39m [32m INFO[0;39m [35m29640[0;39m [2m---[0;39m [2m[           main][0;39m [36morg.hibernate.Version                   [0;39m [2m:[0;39m HHH000412: Hibernate ORM core version 5.4.30.Final
[2m2021-05-18 12:45:08.182[0;39m [32m INFO[0;39m [35m29640[0;39m [2m---[0;39m [2m[           main][0;39m [36mo.hibernate.annotations.common.Version  [0;39m [2m:[0;39m HCANN000001: Hibernate Commons Annotations {5.1.2.Final}
[2m2021-05-18 12:45:08.294[0;39m [32m INFO[0;39m [35m29640[0;39m [2m---[0;39m [2m[           main][0;39m [36morg.hibernate.dialect.Dialect           [0;39m [2m:[0;39m HHH000400: Using dialect: org.hibernate.dialect.MySQL5InnoDBDialect
[2m2021-05-18 12:45:09.017[0;39m [32m INFO[0;39m [35m29640[0;39m [2m---[0;39m [2m[           main][0;39m [36mo.h.e.t.j.p.i.JtaPlatformInitiator      [0;39m [2m:[0;39m HHH000490: Using JtaPlatform implementation: [org.hibernate.engine.transaction.jta.platform.internal.NoJtaPlatform]
[2m2021-05-18 12:45:09.028[0;39m [32m INFO[0;39m [35m29640[0;39m [2m---[0;39m [2m[           main][0;39m [36mj.LocalContainerEntityManagerFactoryBean[0;39m [2m:[0;39m Initialized JPA EntityManagerFactory for persistence unit 'default'
[2m2021-05-18 12:45:09.851[0;39m [32m INFO[0;39m [35m29640[0;39m [2m---[0;39m [2m[           main][0;39m [36mo.s.s.web.DefaultSecurityFilterChain    [0;39m [2m:[0;39m Will secure any request with [org.springframework.security.web.context.request.async.WebAsyncManagerIntegrationFilter@1209a0f, org.springframework.security.web.context.SecurityContextPersistenceFilter@85ab964, org.springframework.security.web.header.HeaderWriterFilter@21527b8, org.springframework.web.filter.CorsFilter@696174d3, org.springframework.security.web.authentication.logout.LogoutFilter@63f2e0b, com.ssafy.edu.security.JwtAuthenticationFilter@2cae5fa7, org.springframework.security.web.savedrequest.RequestCacheAwareFilter@12365bd8, org.springframework.security.web.servletapi.SecurityContextHolderAwareRequestFilter@23afc725, org.springframework.security.web.authentication.AnonymousAuthenticationFilter@66715ca9, org.springframework.security.web.session.SessionManagementFilter@61d2f267, org.springframework.security.web.access.ExceptionTranslationFilter@4c2ab536, org.springframework.security.web.access.intercept.FilterSecurityInterceptor@41582899]
[2m2021-05-18 12:45:09.909[0;39m [32m INFO[0;39m [35m29640[0;39m [2m---[0;39m [2m[           main][0;39m [36mo.s.s.concurrent.ThreadPoolTaskExecutor [0;39m [2m:[0;39m Initializing ExecutorService 'applicationTaskExecutor'
[2m2021-05-18 12:45:10.104[0;39m [32m INFO[0;39m [35m29640[0;39m [2m---[0;39m [2m[           main][0;39m [36mo.a.coyote.http11.Http11NioProtocol     [0;39m [2m:[0;39m Starting ProtocolHandler ["http-nio-8397"]
[2m2021-05-18 12:45:10.123[0;39m [32m INFO[0;39m [35m29640[0;39m [2m---[0;39m [2m[           main][0;39m [36mo.s.b.w.embedded.tomcat.TomcatWebServer [0;39m [2m:[0;39m Tomcat started on port(s): 8397 (http) with context path ''
[2m2021-05-18 12:45:10.131[0;39m [32m INFO[0;39m [35m29640[0;39m [2m---[0;39m [2m[           main][0;39m [36mcom.ssafy.edu.LoginApplication          [0;39m [2m:[0;39m Started LoginApplication in 4.652 seconds (JVM running for 6.584)
[2m2021-05-18 03:53:27.673[0;39m [32m INFO[0;39m [35m29640[0;39m [2m---[0;39m [2m[nio-8397-exec-1][0;39m [36mo.a.c.c.C.[Tomcat].[localhost].[/]      [0;39m [2m:[0;39m Initializing Spring DispatcherServlet 'dispatcherServlet'
[2m2021-05-18 03:53:27.673[0;39m [32m INFO[0;39m [35m29640[0;39m [2m---[0;39m [2m[nio-8397-exec-1][0;39m [36mo.s.web.servlet.DispatcherServlet       [0;39m [2m:[0;39m Initializing Servlet 'dispatcherServlet'
[2m2021-05-18 03:53:27.675[0;39m [32m INFO[0;39m [35m29640[0;39m [2m---[0;39m [2m[nio-8397-exec-1][0;39m [36mo.s.web.servlet.DispatcherServlet       [0;39m [2m:[0;39m Completed initialization in 2 ms
[2m2021-05-18 03:53:27.873[0;39m [32m INFO[0;39m [35m29640[0;39m [2m---[0;39m [2m[nio-8397-exec-1][0;39m [36mcom.ssafy.edu.controller.AuthController [0;39m [2m:[0;39m 1-------------authenticateUser-----------------------------LoginRequest [usernameOrEmail=aaaaa, password=aaaaa]
[2m2021-05-18 03:53:28.326[0;39m [31mERROR[0;39m [35m29640[0;39m [2m---[0;39m [2m[nio-8397-exec-1][0;39m [36mc.s.e.s.JwtAuthenticationEntryPoint     [0;39m [2m:[0;39m Responding with unauthorized error. Message - Bad credentials
[2m2021-05-18 03:53:44.816[0;39m [32m INFO[0;39m [35m29640[0;39m [2m---[0;39m [2m[nio-8397-exec-3][0;39m [36mcom.ssafy.edu.controller.AuthController [0;39m [2m:[0;39m 1-------------registerUser-----------------------------SignUpRequest [name=abc, username=abc, email=abc@naver.com, password=abc]
[2m2021-05-18 03:53:44.824[0;39m [32m INFO[0;39m [35m29640[0;39m [2m---[0;39m [2m[nio-8397-exec-3][0;39m [36mcom.ssafy.edu.controller.AuthController [0;39m [2m:[0;39m 2-------------registerUser-----------------------------SignUpRequest [name=abc, username=abc, email=abc@naver.com, password=abc]
[2m2021-05-18 03:53:44.827[0;39m [32m INFO[0;39m [35m29640[0;39m [2m---[0;39m [2m[nio-8397-exec-3][0;39m [36mcom.ssafy.edu.controller.AuthController [0;39m [2m:[0;39m 3-------------registerUser-----------------------------SignUpRequest [name=abc, username=abc, email=abc@naver.com, password=abc]
[2m2021-05-18 03:53:44.827[0;39m [32m INFO[0;39m [35m29640[0;39m [2m---[0;39m [2m[nio-8397-exec-3][0;39m [36mcom.ssafy.edu.controller.AuthController [0;39m [2m:[0;39m 4-------------registerUser-----------------------------com.ssafy.edu.model.MemberUser@7b8ac9e7
[2m2021-05-18 03:53:48.646[0;39m [32m INFO[0;39m [35m29640[0;39m [2m---[0;39m [2m[nio-8397-exec-4][0;39m [36mcom.ssafy.edu.controller.AuthController [0;39m [2m:[0;39m 1-------------authenticateUser-----------------------------LoginRequest [usernameOrEmail=abc, password=abc]
[2m2021-05-18 04:08:42.016[0;39m [32m INFO[0;39m [35m29640[0;39m [2m---[0;39m [2m[nio-8397-exec-9][0;39m [36mcom.ssafy.edu.controller.AuthController [0;39m [2m:[0;39m 1-------------authenticateUser-----------------------------LoginRequest [usernameOrEmail=abc, password=abc]
[2m2021-05-18 04:39:43.732[0;39m [32m INFO[0;39m [35m29640[0;39m [2m---[0;39m [2m[nio-8397-exec-3][0;39m [36mcom.ssafy.edu.controller.AuthController [0;39m [2m:[0;39m 1-------------authenticateUser-----------------------------LoginRequest [usernameOrEmail=abc, password=abc]
[2m2021-05-18 05:48:05.943[0;39m [32m INFO[0;39m [35m29640[0;39m [2m---[0;39m [2m[nio-8397-exec-7][0;39m [36mcom.ssafy.edu.controller.AuthController [0;39m [2m:[0;39m 1-------------authenticateUser-----------------------------LoginRequest [usernameOrEmail=abc, password=abc]
[2m2021-05-18 06:05:47.249[0;39m [32m INFO[0;39m [35m29640[0;39m [2m---[0;39m [2m[io-8397-exec-10][0;39m [36mcom.ssafy.edu.controller.AuthController [0;39m [2m:[0;39m 1-------------authenticateUser-----------------------------LoginRequest [usernameOrEmail=abc, password=abc]
[2m2021-05-18 06:50:23.729[0;39m [32m INFO[0;39m [35m29640[0;39m [2m---[0;39m [2m[nio-8397-exec-4][0;39m [36mcom.ssafy.edu.controller.AuthController [0;39m [2m:[0;39m 1-------------authenticateUser-----------------------------LoginRequest [usernameOrEmail=abc, password=abc]
[2m2021-05-18 08:25:44.785[0;39m [32m INFO[0;39m [35m29640[0;39m [2m---[0;39m [2m[nio-8397-exec-9][0;39m [36mcom.ssafy.edu.controller.AuthController [0;39m [2m:[0;39m 1-------------registerUser-----------------------------SignUpRequest [name=ssafy, username=ssafy, email=ssafy@naver.com, password=1234]
[2m2021-05-18 08:25:44.794[0;39m [32m INFO[0;39m [35m29640[0;39m [2m---[0;39m [2m[nio-8397-exec-9][0;39m [36mcom.ssafy.edu.controller.AuthController [0;39m [2m:[0;39m 2-------------registerUser-----------------------------SignUpRequest [name=ssafy, username=ssafy, email=ssafy@naver.com, password=1234]
[2m2021-05-18 08:25:44.796[0;39m [32m INFO[0;39m [35m29640[0;39m [2m---[0;39m [2m[nio-8397-exec-9][0;39m [36mcom.ssafy.edu.controller.AuthController [0;39m [2m:[0;39m 3-------------registerUser-----------------------------SignUpRequest [name=ssafy, username=ssafy, email=ssafy@naver.com, password=1234]
[2m2021-05-18 08:25:44.797[0;39m [32m INFO[0;39m [35m29640[0;39m [2m---[0;39m [2m[nio-8397-exec-9][0;39m [36mcom.ssafy.edu.controller.AuthController [0;39m [2m:[0;39m 4-------------registerUser-----------------------------com.ssafy.edu.model.MemberUser@6928daa1
[2m2021-05-18 08:25:48.674[0;39m [32m INFO[0;39m [35m29640[0;39m [2m---[0;39m [2m[nio-8397-exec-1][0;39m [36mcom.ssafy.edu.controller.AuthController [0;39m [2m:[0;39m 1-------------authenticateUser-----------------------------LoginRequest [usernameOrEmail=ssafy, password=1234]
