[2m2021-05-26 10:40:19.570[0;39m [32m INFO[0;39m [35m17572[0;39m [2m---[0;39m [2m[  restartedMain][0;39m [36m.e.DevToolsPropertyDefaultsPostProcessor[0;39m [2m:[0;39m Devtools property defaults active! Set 'spring.devtools.add-properties' to 'false' to disable
[2m2021-05-26 10:40:19.576[0;39m [32m INFO[0;39m [35m17572[0;39m [2m---[0;39m [2m[  restartedMain][0;39m [36m.e.DevToolsPropertyDefaultsPostProcessor[0;39m [2m:[0;39m For additional web related logging consider setting the 'logging.level.web' property to 'DEBUG'
[2m2021-05-26 10:40:20.934[0;39m [32m INFO[0;39m [35m17572[0;39m [2m---[0;39m [2m[  restartedMain][0;39m [36mo.s.b.w.embedded.tomcat.TomcatWebServer [0;39m [2m:[0;39m Tomcat initialized with port(s): 8988 (http)
[2m2021-05-26 10:40:21.024[0;39m [32m INFO[0;39m [35m17572[0;39m [2m---[0;39m [2m[  restartedMain][0;39m [36mw.s.c.ServletWebServerApplicationContext[0;39m [2m:[0;39m Root WebApplicationContext: initialization completed in 1446 ms
[2m2021-05-26 10:40:21.827[0;39m [32m INFO[0;39m [35m17572[0;39m [2m---[0;39m [2m[  restartedMain][0;39m [36mo.s.s.concurrent.ThreadPoolTaskExecutor [0;39m [2m:[0;39m Initializing ExecutorService 'applicationTaskExecutor'
[2m2021-05-26 10:40:21.860[0;39m [32m INFO[0;39m [35m17572[0;39m [2m---[0;39m [2m[  restartedMain][0;39m [36mo.s.b.d.a.OptionalLiveReloadServer      [0;39m [2m:[0;39m LiveReload server is running on port 35729
[2m2021-05-26 10:40:22.028[0;39m [32m INFO[0;39m [35m17572[0;39m [2m---[0;39m [2m[  restartedMain][0;39m [36mo.s.b.w.embedded.tomcat.TomcatWebServer [0;39m [2m:[0;39m Tomcat started on port(s): 8988 (http) with context path '/happyhouse'
[2m2021-05-26 10:40:36.669[0;39m [32m INFO[0;39m [35m17572[0;39m [2m---[0;39m [2m[nio-8988-exec-1][0;39m [36mo.s.web.servlet.DispatcherServlet       [0;39m [2m:[0;39m Initializing Servlet 'dispatcherServlet'
[2m2021-05-26 10:40:36.670[0;39m [32m INFO[0;39m [35m17572[0;39m [2m---[0;39m [2m[nio-8988-exec-1][0;39m [36mo.s.web.servlet.DispatcherServlet       [0;39m [2m:[0;39m Completed initialization in 1 ms
[2m2021-05-26 10:40:44.017[0;39m [32mDEBUG[0;39m [35m17572[0;39m [2m---[0;39m [2m[nio-8988-exec-5][0;39m [36mc.s.h.controller.CodeController         [0;39m [2m:[0;39m selectAllHouseCode - 호출
[2m2021-05-26 13:07:39.437[0;39m [32m INFO[0;39m [35m17572[0;39m [2m---[0;39m [2m[(155)-127.0.0.1][0;39m [36minMXBeanRegistrar$SpringApplicationAdmin[0;39m [2m:[0;39m Application shutdown requested.
[2m2021-05-26 13:07:40.241[0;39m [32m INFO[0;39m [35m17572[0;39m [2m---[0;39m [2m[(155)-127.0.0.1][0;39m [36mo.s.s.concurrent.ThreadPoolTaskExecutor [0;39m [2m:[0;39m Shutting down ExecutorService 'applicationTaskExecutor'
[2m2021-05-26 13:55:55.873[0;39m [32m INFO[0;39m [35m11660[0;39m [2m---[0;39m [2m[  restartedMain][0;39m [36m.e.DevToolsPropertyDefaultsPostProcessor[0;39m [2m:[0;39m Devtools property defaults active! Set 'spring.devtools.add-properties' to 'false' to disable
[2m2021-05-26 13:55:55.876[0;39m [32m INFO[0;39m [35m11660[0;39m [2m---[0;39m [2m[  restartedMain][0;39m [36m.e.DevToolsPropertyDefaultsPostProcessor[0;39m [2m:[0;39m For additional web related logging consider setting the 'logging.level.web' property to 'DEBUG'
[2m2021-05-26 13:55:57.335[0;39m [32m INFO[0;39m [35m11660[0;39m [2m---[0;39m [2m[  restartedMain][0;39m [36mo.s.b.w.embedded.tomcat.TomcatWebServer [0;39m [2m:[0;39m Tomcat initialized with port(s): 8988 (http)
[2m2021-05-26 13:55:57.427[0;39m [32m INFO[0;39m [35m11660[0;39m [2m---[0;39m [2m[  restartedMain][0;39m [36mw.s.c.ServletWebServerApplicationContext[0;39m [2m:[0;39m Root WebApplicationContext: initialization completed in 1550 ms
[2m2021-05-26 13:55:58.211[0;39m [32m INFO[0;39m [35m11660[0;39m [2m---[0;39m [2m[  restartedMain][0;39m [36mo.s.s.concurrent.ThreadPoolTaskExecutor [0;39m [2m:[0;39m Initializing ExecutorService 'applicationTaskExecutor'
[2m2021-05-26 13:55:58.249[0;39m [32m INFO[0;39m [35m11660[0;39m [2m---[0;39m [2m[  restartedMain][0;39m [36mo.s.b.d.a.OptionalLiveReloadServer      [0;39m [2m:[0;39m LiveReload server is running on port 35729
[2m2021-05-26 13:55:58.420[0;39m [32m INFO[0;39m [35m11660[0;39m [2m---[0;39m [2m[  restartedMain][0;39m [36mo.s.b.w.embedded.tomcat.TomcatWebServer [0;39m [2m:[0;39m Tomcat started on port(s): 8988 (http) with context path '/happyhouse'
[2m2021-05-26 13:56:19.071[0;39m [32m INFO[0;39m [35m11660[0;39m [2m---[0;39m [2m[nio-8988-exec-1][0;39m [36mo.s.web.servlet.DispatcherServlet       [0;39m [2m:[0;39m Initializing Servlet 'dispatcherServlet'
[2m2021-05-26 13:56:19.073[0;39m [32m INFO[0;39m [35m11660[0;39m [2m---[0;39m [2m[nio-8988-exec-1][0;39m [36mo.s.web.servlet.DispatcherServlet       [0;39m [2m:[0;39m Completed initialization in 1 ms
[2m2021-05-26 13:56:25.929[0;39m [32mDEBUG[0;39m [35m11660[0;39m [2m---[0;39m [2m[nio-8988-exec-5][0;39m [36mc.s.h.controller.BoardController        [0;39m [2m:[0;39m retrieveBoard - 호출
[2m2021-05-26 13:57:04.321[0;39m [32mDEBUG[0;39m [35m11660[0;39m [2m---[0;39m [2m[nio-8988-exec-1][0;39m [36mc.s.h.controller.BoardController        [0;39m [2m:[0;39m writeBoard - 호출
[2m2021-05-26 13:57:05.451[0;39m [32mDEBUG[0;39m [35m11660[0;39m [2m---[0;39m [2m[nio-8988-exec-9][0;39m [36mc.s.h.controller.BoardController        [0;39m [2m:[0;39m writeBoard - 호출
[2m2021-05-26 13:57:12.348[0;39m [32mDEBUG[0;39m [35m11660[0;39m [2m---[0;39m [2m[nio-8988-exec-6][0;39m [36mc.s.h.controller.BoardController        [0;39m [2m:[0;39m retrieveBoard - 호출
[2m2021-05-26 13:57:21.859[0;39m [32mDEBUG[0;39m [35m11660[0;39m [2m---[0;39m [2m[nio-8988-exec-3][0;39m [36mc.s.h.controller.BoardController        [0;39m [2m:[0;39m writeBoard - 호출
[2m2021-05-26 13:57:26.833[0;39m [32mDEBUG[0;39m [35m11660[0;39m [2m---[0;39m [2m[nio-8988-exec-4][0;39m [36mc.s.h.controller.BoardController        [0;39m [2m:[0;39m retrieveBoard - 호출
[2m2021-05-26 15:04:37.659[0;39m [32m INFO[0;39m [35m11660[0;39m [2m---[0;39m [2m[       Thread-6][0;39m [36mo.s.s.concurrent.ThreadPoolTaskExecutor [0;39m [2m:[0;39m Shutting down ExecutorService 'applicationTaskExecutor'
[2m2021-05-26 15:04:38.437[0;39m [32m INFO[0;39m [35m11660[0;39m [2m---[0;39m [2m[  restartedMain][0;39m [36mo.s.b.w.embedded.tomcat.TomcatWebServer [0;39m [2m:[0;39m Tomcat initialized with port(s): 8988 (http)
[2m2021-05-26 15:04:38.459[0;39m [32m INFO[0;39m [35m11660[0;39m [2m---[0;39m [2m[  restartedMain][0;39m [36mw.s.c.ServletWebServerApplicationContext[0;39m [2m:[0;39m Root WebApplicationContext: initialization completed in 572 ms
[2m2021-05-26 15:04:38.704[0;39m [32m INFO[0;39m [35m11660[0;39m [2m---[0;39m [2m[  restartedMain][0;39m [36mo.s.s.concurrent.ThreadPoolTaskExecutor [0;39m [2m:[0;39m Initializing ExecutorService 'applicationTaskExecutor'
[2m2021-05-26 15:04:38.712[0;39m [32m INFO[0;39m [35m11660[0;39m [2m---[0;39m [2m[  restartedMain][0;39m [36mo.s.b.d.a.OptionalLiveReloadServer      [0;39m [2m:[0;39m LiveReload server is running on port 35729
[2m2021-05-26 15:04:38.763[0;39m [32m INFO[0;39m [35m11660[0;39m [2m---[0;39m [2m[  restartedMain][0;39m [36mo.s.b.w.embedded.tomcat.TomcatWebServer [0;39m [2m:[0;39m Tomcat started on port(s): 8988 (http) with context path '/happyhouse'
[2m2021-05-26 15:04:38.848[0;39m [32m INFO[0;39m [35m11660[0;39m [2m---[0;39m [2m[  restartedMain][0;39m [36m.ConditionEvaluationDeltaLoggingListener[0;39m [2m:[0;39m Condition evaluation unchanged
[2m2021-05-26 20:19:29.655[0;39m [32m INFO[0;39m [35m11660[0;39m [2m---[0;39m [2m[(453)-127.0.0.1][0;39m [36minMXBeanRegistrar$SpringApplicationAdmin[0;39m [2m:[0;39m Application shutdown requested.
[2m2021-05-26 20:19:30.546[0;39m [32m INFO[0;39m [35m11660[0;39m [2m---[0;39m [2m[(453)-127.0.0.1][0;39m [36mo.s.s.concurrent.ThreadPoolTaskExecutor [0;39m [2m:[0;39m Shutting down ExecutorService 'applicationTaskExecutor'
[2m2021-05-26 20:34:39.073[0;39m [32m INFO[0;39m [35m7864[0;39m [2m---[0;39m [2m[  restartedMain][0;39m [36m.e.DevToolsPropertyDefaultsPostProcessor[0;39m [2m:[0;39m Devtools property defaults active! Set 'spring.devtools.add-properties' to 'false' to disable
[2m2021-05-26 20:34:39.075[0;39m [32m INFO[0;39m [35m7864[0;39m [2m---[0;39m [2m[  restartedMain][0;39m [36m.e.DevToolsPropertyDefaultsPostProcessor[0;39m [2m:[0;39m For additional web related logging consider setting the 'logging.level.web' property to 'DEBUG'
[2m2021-05-26 20:34:40.511[0;39m [32m INFO[0;39m [35m7864[0;39m [2m---[0;39m [2m[  restartedMain][0;39m [36mo.s.b.w.embedded.tomcat.TomcatWebServer [0;39m [2m:[0;39m Tomcat initialized with port(s): 8988 (http)
[2m2021-05-26 20:34:40.650[0;39m [32m INFO[0;39m [35m7864[0;39m [2m---[0;39m [2m[  restartedMain][0;39m [36mw.s.c.ServletWebServerApplicationContext[0;39m [2m:[0;39m Root WebApplicationContext: initialization completed in 1573 ms
[2m2021-05-26 20:34:41.465[0;39m [32m INFO[0;39m [35m7864[0;39m [2m---[0;39m [2m[  restartedMain][0;39m [36mo.s.s.concurrent.ThreadPoolTaskExecutor [0;39m [2m:[0;39m Initializing ExecutorService 'applicationTaskExecutor'
[2m2021-05-26 20:34:41.506[0;39m [32m INFO[0;39m [35m7864[0;39m [2m---[0;39m [2m[  restartedMain][0;39m [36mo.s.b.d.a.OptionalLiveReloadServer      [0;39m [2m:[0;39m LiveReload server is running on port 35729
[2m2021-05-26 20:34:41.680[0;39m [32m INFO[0;39m [35m7864[0;39m [2m---[0;39m [2m[  restartedMain][0;39m [36mo.s.b.w.embedded.tomcat.TomcatWebServer [0;39m [2m:[0;39m Tomcat started on port(s): 8988 (http) with context path '/happyhouse'
[2m2021-05-26 23:03:17.478[0;39m [32m INFO[0;39m [35m7864[0;39m [2m---[0;39m [2m[nio-8988-exec-6][0;39m [36mo.s.web.servlet.DispatcherServlet       [0;39m [2m:[0;39m Initializing Servlet 'dispatcherServlet'
[2m2021-05-26 23:03:17.490[0;39m [32m INFO[0;39m [35m7864[0;39m [2m---[0;39m [2m[nio-8988-exec-6][0;39m [36mo.s.web.servlet.DispatcherServlet       [0;39m [2m:[0;39m Completed initialization in 10 ms
[2m2021-05-26 23:03:43.096[0;39m [32mDEBUG[0;39m [35m7864[0;39m [2m---[0;39m [2m[nio-8988-exec-7][0;39m [36mc.s.h.controller.CodeController         [0;39m [2m:[0;39m selectAllHouseCode - 호출
[2m2021-05-26 23:05:41.599[0;39m [32m INFO[0;39m [35m7864[0;39m [2m---[0;39m [2m[       Thread-6][0;39m [36mo.s.s.concurrent.ThreadPoolTaskExecutor [0;39m [2m:[0;39m Shutting down ExecutorService 'applicationTaskExecutor'
[2m2021-05-26 23:05:42.344[0;39m [32m INFO[0;39m [35m7864[0;39m [2m---[0;39m [2m[  restartedMain][0;39m [36mo.s.b.w.embedded.tomcat.TomcatWebServer [0;39m [2m:[0;39m Tomcat initialized with port(s): 8988 (http)
[2m2021-05-26 23:05:42.365[0;39m [32m INFO[0;39m [35m7864[0;39m [2m---[0;39m [2m[  restartedMain][0;39m [36mw.s.c.ServletWebServerApplicationContext[0;39m [2m:[0;39m Root WebApplicationContext: initialization completed in 560 ms
[2m2021-05-26 23:05:42.423[0;39m [33m WARN[0;39m [35m7864[0;39m [2m---[0;39m [2m[  restartedMain][0;39m [36mConfigServletWebServerApplicationContext[0;39m [2m:[0;39m Exception encountered during context initialization - cancelling refresh attempt: org.springframework.beans.factory.UnsatisfiedDependencyException: Error creating bean with name 'boardController': Unsatisfied dependency expressed through field 'boardService'; nested exception is org.springframework.beans.factory.UnsatisfiedDependencyException: Error creating bean with name 'boardServiceImpl': Unsatisfied dependency expressed through field 'boardDao'; nested exception is org.springframework.beans.factory.UnsatisfiedDependencyException: Error creating bean with name 'boardDAO' defined in file [C:\ssafy\spring\HappyHouse\target\classes\com\ssafy\happyhouse\dao\BoardDAO.class]: Unsatisfied dependency expressed through bean property 'sqlSessionFactory'; nested exception is org.springframework.beans.factory.BeanCreationException: Error creating bean with name 'sqlSessionFactory' defined in class path resource [org/mybatis/spring/boot/autoconfigure/MybatisAutoConfiguration.class]: Bean instantiation via factory method failed; nested exception is org.springframework.beans.BeanInstantiationException: Failed to instantiate [org.apache.ibatis.session.SqlSessionFactory]: Factory method 'sqlSessionFactory' threw exception; nested exception is org.springframework.core.NestedIOException: Failed to parse mapping resource: 'file [C:\ssafy\spring\HappyHouse\target\classes\mappers\code.xml]'; nested exception is org.apache.ibatis.builder.BuilderException: Error parsing Mapper XML. The XML location is 'file [C:\ssafy\spring\HappyHouse\target\classes\mappers\code.xml]'. Cause: java.lang.IllegalArgumentException: Mapped Statements collection already contains value for com.ssafy.happyhouse.dao.CodeDAO.selectAllHouseRentCode. please check file [C:\ssafy\spring\HappyHouse\target\classes\mappers\code.xml] and file [C:\ssafy\spring\HappyHouse\target\classes\mappers\code.xml]
[2m2021-05-26 23:05:42.432[0;39m [32m INFO[0;39m [35m7864[0;39m [2m---[0;39m [2m[  restartedMain][0;39m [36mConditionEvaluationReportLoggingListener[0;39m [2m:[0;39m 

Error starting ApplicationContext. To display the conditions report re-run your application with 'debug' enabled.
[2m2021-05-26 23:05:42.465[0;39m [31mERROR[0;39m [35m7864[0;39m [2m---[0;39m [2m[  restartedMain][0;39m [36mo.s.boot.SpringApplication              [0;39m [2m:[0;39m Application run failed

org.springframework.beans.factory.UnsatisfiedDependencyException: Error creating bean with name 'boardController': Unsatisfied dependency expressed through field 'boardService'; nested exception is org.springframework.beans.factory.UnsatisfiedDependencyException: Error creating bean with name 'boardServiceImpl': Unsatisfied dependency expressed through field 'boardDao'; nested exception is org.springframework.beans.factory.UnsatisfiedDependencyException: Error creating bean with name 'boardDAO' defined in file [C:\ssafy\spring\HappyHouse\target\classes\com\ssafy\happyhouse\dao\BoardDAO.class]: Unsatisfied dependency expressed through bean property 'sqlSessionFactory'; nested exception is org.springframework.beans.factory.BeanCreationException: Error creating bean with name 'sqlSessionFactory' defined in class path resource [org/mybatis/spring/boot/autoconfigure/MybatisAutoConfiguration.class]: Bean instantiation via factory method failed; nested exception is org.springframework.beans.BeanInstantiationException: Failed to instantiate [org.apache.ibatis.session.SqlSessionFactory]: Factory method 'sqlSessionFactory' threw exception; nested exception is org.springframework.core.NestedIOException: Failed to parse mapping resource: 'file [C:\ssafy\spring\HappyHouse\target\classes\mappers\code.xml]'; nested exception is org.apache.ibatis.builder.BuilderException: Error parsing Mapper XML. The XML location is 'file [C:\ssafy\spring\HappyHouse\target\classes\mappers\code.xml]'. Cause: java.lang.IllegalArgumentException: Mapped Statements collection already contains value for com.ssafy.happyhouse.dao.CodeDAO.selectAllHouseRentCode. please check file [C:\ssafy\spring\HappyHouse\target\classes\mappers\code.xml] and file [C:\ssafy\spring\HappyHouse\target\classes\mappers\code.xml]
	at org.springframework.beans.factory.annotation.AutowiredAnnotationBeanPostProcessor$AutowiredFieldElement.resolveFieldValue(AutowiredAnnotationBeanPostProcessor.java:660)
	at org.springframework.beans.factory.annotation.AutowiredAnnotationBeanPostProcessor$AutowiredFieldElement.inject(AutowiredAnnotationBeanPostProcessor.java:640)
	at org.springframework.beans.factory.annotation.InjectionMetadata.inject(InjectionMetadata.java:119)
	at org.springframework.beans.factory.annotation.AutowiredAnnotationBeanPostProcessor.postProcessProperties(AutowiredAnnotationBeanPostProcessor.java:399)
	at org.springframework.beans.factory.support.AbstractAutowireCapableBeanFactory.populateBean(AbstractAutowireCapableBeanFactory.java:1413)
	at org.springframework.beans.factory.support.AbstractAutowireCapableBeanFactory.doCreateBean(AbstractAutowireCapableBeanFactory.java:601)
	at org.springframework.beans.factory.support.AbstractAutowireCapableBeanFactory.createBean(AbstractAutowireCapableBeanFactory.java:524)
	at org.springframework.beans.factory.support.AbstractBeanFactory.lambda$doGetBean$0(AbstractBeanFactory.java:335)
	at org.springframework.beans.factory.support.DefaultSingletonBeanRegistry.getSingleton(DefaultSingletonBeanRegistry.java:234)
	at org.springframework.beans.factory.support.AbstractBeanFactory.doGetBean(AbstractBeanFactory.java:333)
	at org.springframework.beans.factory.support.AbstractBeanFactory.getBean(AbstractBeanFactory.java:208)
	at org.springframework.beans.factory.support.DefaultListableBeanFactory.preInstantiateSingletons(DefaultListableBeanFactory.java:944)
	at org.springframework.context.support.AbstractApplicationContext.finishBeanFactoryInitialization(AbstractApplicationContext.java:918)
	at org.springframework.context.support.AbstractApplicationContext.refresh(AbstractApplicationContext.java:583)
	at org.springframework.boot.web.servlet.context.ServletWebServerApplicationContext.refresh(ServletWebServerApplicationContext.java:144)
	at org.springframework.boot.SpringApplication.refresh(SpringApplication.java:782)
	at org.springframework.boot.SpringApplication.refresh(SpringApplication.java:774)
	at org.springframework.boot.SpringApplication.refreshContext(SpringApplication.java:439)
	at org.springframework.boot.SpringApplication.run(SpringApplication.java:339)
	at org.springframework.boot.SpringApplication.run(SpringApplication.java:1340)
	at org.springframework.boot.SpringApplication.run(SpringApplication.java:1329)
	at com.ssafy.happyhouse.HappyHouseApplication.main(HappyHouseApplication.java:10)
	at sun.reflect.NativeMethodAccessorImpl.invoke0(Native Method)
	at sun.reflect.NativeMethodAccessorImpl.invoke(NativeMethodAccessorImpl.java:62)
	at sun.reflect.DelegatingMethodAccessorImpl.invoke(DelegatingMethodAccessorImpl.java:43)
	at java.lang.reflect.Method.invoke(Method.java:498)
	at org.springframework.boot.devtools.restart.RestartLauncher.run(RestartLauncher.java:49)
Caused by: org.springframework.beans.factory.UnsatisfiedDependencyException: Error creating bean with name 'boardServiceImpl': Unsatisfied dependency expressed through field 'boardDao'; nested exception is org.springframework.beans.factory.UnsatisfiedDependencyException: Error creating bean with name 'boardDAO' defined in file [C:\ssafy\spring\HappyHouse\target\classes\com\ssafy\happyhouse\dao\BoardDAO.class]: Unsatisfied dependency expressed through bean property 'sqlSessionFactory'; nested exception is org.springframework.beans.factory.BeanCreationException: Error creating bean with name 'sqlSessionFactory' defined in class path resource [org/mybatis/spring/boot/autoconfigure/MybatisAutoConfiguration.class]: Bean instantiation via factory method failed; nested exception is org.springframework.beans.BeanInstantiationException: Failed to instantiate [org.apache.ibatis.session.SqlSessionFactory]: Factory method 'sqlSessionFactory' threw exception; nested exception is org.springframework.core.NestedIOException: Failed to parse mapping resource: 'file [C:\ssafy\spring\HappyHouse\target\classes\mappers\code.xml]'; nested exception is org.apache.ibatis.builder.BuilderException: Error parsing Mapper XML. The XML location is 'file [C:\ssafy\spring\HappyHouse\target\classes\mappers\code.xml]'. Cause: java.lang.IllegalArgumentException: Mapped Statements collection already contains value for com.ssafy.happyhouse.dao.CodeDAO.selectAllHouseRentCode. please check file [C:\ssafy\spring\HappyHouse\target\classes\mappers\code.xml] and file [C:\ssafy\spring\HappyHouse\target\classes\mappers\code.xml]
	at org.springframework.beans.factory.annotation.AutowiredAnnotationBeanPostProcessor$AutowiredFieldElement.resolveFieldValue(AutowiredAnnotationBeanPostProcessor.java:660)
	at org.springframework.beans.factory.annotation.AutowiredAnnotationBeanPostProcessor$AutowiredFieldElement.inject(AutowiredAnnotationBeanPostProcessor.java:640)
	at org.springframework.beans.factory.annotation.InjectionMetadata.inject(InjectionMetadata.java:119)
	at org.springframework.beans.factory.annotation.AutowiredAnnotationBeanPostProcessor.postProcessProperties(AutowiredAnnotationBeanPostProcessor.java:399)
	at org.springframework.beans.factory.support.AbstractAutowireCapableBeanFactory.populateBean(AbstractAutowireCapableBeanFactory.java:1413)
	at org.springframework.beans.factory.support.AbstractAutowireCapableBeanFactory.doCreateBean(AbstractAutowireCapableBeanFactory.java:601)
	at org.springframework.beans.factory.support.AbstractAutowireCapableBeanFactory.createBean(AbstractAutowireCapableBeanFactory.java:524)
	at org.springframework.beans.factory.support.AbstractBeanFactory.lambda$doGetBean$0(AbstractBeanFactory.java:335)
	at org.springframework.beans.factory.support.DefaultSingletonBeanRegistry.getSingleton(DefaultSingletonBeanRegistry.java:234)
	at org.springframework.beans.factory.support.AbstractBeanFactory.doGetBean(AbstractBeanFactory.java:333)
	at org.springframework.beans.factory.support.AbstractBeanFactory.getBean(AbstractBeanFactory.java:208)
	at org.springframework.beans.factory.config.DependencyDescriptor.resolveCandidate(DependencyDescriptor.java:276)
	at org.springframework.beans.factory.support.DefaultListableBeanFactory.doResolveDependency(DefaultListableBeanFactory.java:1380)
	at org.springframework.beans.factory.support.DefaultListableBeanFactory.resolveDependency(DefaultListableBeanFactory.java:1300)
	at org.springframework.beans.factory.annotation.AutowiredAnnotationBeanPostProcessor$AutowiredFieldElement.resolveFieldValue(AutowiredAnnotationBeanPostProcessor.java:657)
	... 26 common frames omitted
Caused by: org.springframework.beans.factory.UnsatisfiedDependencyException: Error creating bean with name 'boardDAO' defined in file [C:\ssafy\spring\HappyHouse\target\classes\com\ssafy\happyhouse\dao\BoardDAO.class]: Unsatisfied dependency expressed through bean property 'sqlSessionFactory'; nested exception is org.springframework.beans.factory.BeanCreationException: Error creating bean with name 'sqlSessionFactory' defined in class path resource [org/mybatis/spring/boot/autoconfigure/MybatisAutoConfiguration.class]: Bean instantiation via factory method failed; nested exception is org.springframework.beans.BeanInstantiationException: Failed to instantiate [org.apache.ibatis.session.SqlSessionFactory]: Factory method 'sqlSessionFactory' threw exception; nested exception is org.springframework.core.NestedIOException: Failed to parse mapping resource: 'file [C:\ssafy\spring\HappyHouse\target\classes\mappers\code.xml]'; nested exception is org.apache.ibatis.builder.BuilderException: Error parsing Mapper XML. The XML location is 'file [C:\ssafy\spring\HappyHouse\target\classes\mappers\code.xml]'. Cause: java.lang.IllegalArgumentException: Mapped Statements collection already contains value for com.ssafy.happyhouse.dao.CodeDAO.selectAllHouseRentCode. please check file [C:\ssafy\spring\HappyHouse\target\classes\mappers\code.xml] and file [C:\ssafy\spring\HappyHouse\target\classes\mappers\code.xml]
	at org.springframework.beans.factory.support.AbstractAutowireCapableBeanFactory.autowireByType(AbstractAutowireCapableBeanFactory.java:1516)
	at org.springframework.beans.factory.support.AbstractAutowireCapableBeanFactory.populateBean(AbstractAutowireCapableBeanFactory.java:1399)
	at org.springframework.beans.factory.support.AbstractAutowireCapableBeanFactory.doCreateBean(AbstractAutowireCapableBeanFactory.java:601)
	at org.springframework.beans.factory.support.AbstractAutowireCapableBeanFactory.createBean(AbstractAutowireCapableBeanFactory.java:524)
	at org.springframework.beans.factory.support.AbstractBeanFactory.lambda$doGetBean$0(AbstractBeanFactory.java:335)
	at org.springframework.beans.factory.support.DefaultSingletonBeanRegistry.getSingleton(DefaultSingletonBeanRegistry.java:234)
	at org.springframework.beans.factory.support.AbstractBeanFactory.doGetBean(AbstractBeanFactory.java:333)
	at org.springframework.beans.factory.support.AbstractBeanFactory.getBean(AbstractBeanFactory.java:208)
	at org.springframework.beans.factory.config.DependencyDescriptor.resolveCandidate(DependencyDescriptor.java:276)
	at org.springframework.beans.factory.support.DefaultListableBeanFactory.doResolveDependency(DefaultListableBeanFactory.java:1380)
	at org.springframework.beans.factory.support.DefaultListableBeanFactory.resolveDependency(DefaultListableBeanFactory.java:1300)
	at org.springframework.beans.factory.annotation.AutowiredAnnotationBeanPostProcessor$AutowiredFieldElement.resolveFieldValue(AutowiredAnnotationBeanPostProcessor.java:657)
	... 40 common frames omitted
Caused by: org.springframework.beans.factory.BeanCreationException: Error creating bean with name 'sqlSessionFactory' defined in class path resource [org/mybatis/spring/boot/autoconfigure/MybatisAutoConfiguration.class]: Bean instantiation via factory method failed; nested exception is org.springframework.beans.BeanInstantiationException: Failed to instantiate [org.apache.ibatis.session.SqlSessionFactory]: Factory method 'sqlSessionFactory' threw exception; nested exception is org.springframework.core.NestedIOException: Failed to parse mapping resource: 'file [C:\ssafy\spring\HappyHouse\target\classes\mappers\code.xml]'; nested exception is org.apache.ibatis.builder.BuilderException: Error parsing Mapper XML. The XML location is 'file [C:\ssafy\spring\HappyHouse\target\classes\mappers\code.xml]'. Cause: java.lang.IllegalArgumentException: Mapped Statements collection already contains value for com.ssafy.happyhouse.dao.CodeDAO.selectAllHouseRentCode. please check file [C:\ssafy\spring\HappyHouse\target\classes\mappers\code.xml] and file [C:\ssafy\spring\HappyHouse\target\classes\mappers\code.xml]
	at org.springframework.beans.factory.support.ConstructorResolver.instantiate(ConstructorResolver.java:658)
	at org.springframework.beans.factory.support.ConstructorResolver.instantiateUsingFactoryMethod(ConstructorResolver.java:638)
	at org.springframework.beans.factory.support.AbstractAutowireCapableBeanFactory.instantiateUsingFactoryMethod(AbstractAutowireCapableBeanFactory.java:1334)
	at org.springframework.beans.factory.support.AbstractAutowireCapableBeanFactory.createBeanInstance(AbstractAutowireCapableBeanFactory.java:1177)
	at org.springframework.beans.factory.support.AbstractAutowireCapableBeanFactory.doCreateBean(AbstractAutowireCapableBeanFactory.java:564)
	at org.springframework.beans.factory.support.AbstractAutowireCapableBeanFactory.createBean(AbstractAutowireCapableBeanFactory.java:524)
	at org.springframework.beans.factory.support.AbstractBeanFactory.lambda$doGetBean$0(AbstractBeanFactory.java:335)
	at org.springframework.beans.factory.support.DefaultSingletonBeanRegistry.getSingleton(DefaultSingletonBeanRegistry.java:234)
	at org.springframework.beans.factory.support.AbstractBeanFactory.doGetBean(AbstractBeanFactory.java:333)
	at org.springframework.beans.factory.support.AbstractBeanFactory.getBean(AbstractBeanFactory.java:208)
	at org.springframework.beans.factory.config.DependencyDescriptor.resolveCandidate(DependencyDescriptor.java:276)
	at org.springframework.beans.factory.support.DefaultListableBeanFactory.doResolveDependency(DefaultListableBeanFactory.java:1380)
	at org.springframework.beans.factory.support.DefaultListableBeanFactory.resolveDependency(DefaultListableBeanFactory.java:1300)
	at org.springframework.beans.factory.support.AbstractAutowireCapableBeanFactory.autowireByType(AbstractAutowireCapableBeanFactory.java:1501)
	... 51 common frames omitted
Caused by: org.springframework.beans.BeanInstantiationException: Failed to instantiate [org.apache.ibatis.session.SqlSessionFactory]: Factory method 'sqlSessionFactory' threw exception; nested exception is org.springframework.core.NestedIOException: Failed to parse mapping resource: 'file [C:\ssafy\spring\HappyHouse\target\classes\mappers\code.xml]'; nested exception is org.apache.ibatis.builder.BuilderException: Error parsing Mapper XML. The XML location is 'file [C:\ssafy\spring\HappyHouse\target\classes\mappers\code.xml]'. Cause: java.lang.IllegalArgumentException: Mapped Statements collection already contains value for com.ssafy.happyhouse.dao.CodeDAO.selectAllHouseRentCode. please check file [C:\ssafy\spring\HappyHouse\target\classes\mappers\code.xml] and file [C:\ssafy\spring\HappyHouse\target\classes\mappers\code.xml]
	at org.springframework.beans.factory.support.SimpleInstantiationStrategy.instantiate(SimpleInstantiationStrategy.java:185)
	at org.springframework.beans.factory.support.ConstructorResolver.instantiate(ConstructorResolver.java:653)
	... 64 common frames omitted
Caused by: org.springframework.core.NestedIOException: Failed to parse mapping resource: 'file [C:\ssafy\spring\HappyHouse\target\classes\mappers\code.xml]'; nested exception is org.apache.ibatis.builder.BuilderException: Error parsing Mapper XML. The XML location is 'file [C:\ssafy\spring\HappyHouse\target\classes\mappers\code.xml]'. Cause: java.lang.IllegalArgumentException: Mapped Statements collection already contains value for com.ssafy.happyhouse.dao.CodeDAO.selectAllHouseRentCode. please check file [C:\ssafy\spring\HappyHouse\target\classes\mappers\code.xml] and file [C:\ssafy\spring\HappyHouse\target\classes\mappers\code.xml]
	at org.mybatis.spring.SqlSessionFactoryBean.buildSqlSessionFactory(SqlSessionFactoryBean.java:613)
	at org.mybatis.spring.SqlSessionFactoryBean.afterPropertiesSet(SqlSessionFactoryBean.java:491)
	at org.mybatis.spring.SqlSessionFactoryBean.getObject(SqlSessionFactoryBean.java:633)
	at org.mybatis.spring.boot.autoconfigure.MybatisAutoConfiguration.sqlSessionFactory(MybatisAutoConfiguration.java:179)
	at org.mybatis.spring.boot.autoconfigure.MybatisAutoConfiguration$$EnhancerBySpringCGLIB$$70e7c7bd.CGLIB$sqlSessionFactory$2(<generated>)
	at org.mybatis.spring.boot.autoconfigure.MybatisAutoConfiguration$$EnhancerBySpringCGLIB$$70e7c7bd$$FastClassBySpringCGLIB$$bb05552f.invoke(<generated>)
	at org.springframework.cglib.proxy.MethodProxy.invokeSuper(MethodProxy.java:244)
	at org.springframework.context.annotation.ConfigurationClassEnhancer$BeanMethodInterceptor.intercept(ConfigurationClassEnhancer.java:331)
	at org.mybatis.spring.boot.autoconfigure.MybatisAutoConfiguration$$EnhancerBySpringCGLIB$$70e7c7bd.sqlSessionFactory(<generated>)
	at sun.reflect.NativeMethodAccessorImpl.invoke0(Native Method)
	at sun.reflect.NativeMethodAccessorImpl.invoke(NativeMethodAccessorImpl.java:62)
	at sun.reflect.DelegatingMethodAccessorImpl.invoke(DelegatingMethodAccessorImpl.java:43)
	at java.lang.reflect.Method.invoke(Method.java:498)
	at org.springframework.beans.factory.support.SimpleInstantiationStrategy.instantiate(SimpleInstantiationStrategy.java:154)
	... 65 common frames omitted
Caused by: org.apache.ibatis.builder.BuilderException: Error parsing Mapper XML. The XML location is 'file [C:\ssafy\spring\HappyHouse\target\classes\mappers\code.xml]'. Cause: java.lang.IllegalArgumentException: Mapped Statements collection already contains value for com.ssafy.happyhouse.dao.CodeDAO.selectAllHouseRentCode. please check file [C:\ssafy\spring\HappyHouse\target\classes\mappers\code.xml] and file [C:\ssafy\spring\HappyHouse\target\classes\mappers\code.xml]
	at org.apache.ibatis.builder.xml.XMLMapperBuilder.configurationElement(XMLMapperBuilder.java:123)
	at org.apache.ibatis.builder.xml.XMLMapperBuilder.parse(XMLMapperBuilder.java:95)
	at org.mybatis.spring.SqlSessionFactoryBean.buildSqlSessionFactory(SqlSessionFactoryBean.java:611)
	... 78 common frames omitted
Caused by: java.lang.IllegalArgumentException: Mapped Statements collection already contains value for com.ssafy.happyhouse.dao.CodeDAO.selectAllHouseRentCode. please check file [C:\ssafy\spring\HappyHouse\target\classes\mappers\code.xml] and file [C:\ssafy\spring\HappyHouse\target\classes\mappers\code.xml]
	at org.apache.ibatis.session.Configuration$StrictMap.put(Configuration.java:1014)
	at org.apache.ibatis.session.Configuration$StrictMap.put(Configuration.java:970)
	at org.apache.ibatis.session.Configuration.addMappedStatement(Configuration.java:768)
	at org.apache.ibatis.builder.MapperBuilderAssistant.addMappedStatement(MapperBuilderAssistant.java:297)
	at org.apache.ibatis.builder.xml.XMLStatementBuilder.parseStatementNode(XMLStatementBuilder.java:113)
	at org.apache.ibatis.builder.xml.XMLMapperBuilder.buildStatementFromContext(XMLMapperBuilder.java:138)
	at org.apache.ibatis.builder.xml.XMLMapperBuilder.buildStatementFromContext(XMLMapperBuilder.java:131)
	at org.apache.ibatis.builder.xml.XMLMapperBuilder.configurationElement(XMLMapperBuilder.java:121)
	... 80 common frames omitted

[2m2021-05-26 23:05:55.007[0;39m [32m INFO[0;39m [35m7864[0;39m [2m---[0;39m [2m[  restartedMain][0;39m [36mo.s.b.w.embedded.tomcat.TomcatWebServer [0;39m [2m:[0;39m Tomcat initialized with port(s): 8988 (http)
[2m2021-05-26 23:05:55.023[0;39m [32m INFO[0;39m [35m7864[0;39m [2m---[0;39m [2m[  restartedMain][0;39m [36mw.s.c.ServletWebServerApplicationContext[0;39m [2m:[0;39m Root WebApplicationContext: initialization completed in 431 ms
[2m2021-05-26 23:05:55.232[0;39m [32m INFO[0;39m [35m7864[0;39m [2m---[0;39m [2m[  restartedMain][0;39m [36mo.s.s.concurrent.ThreadPoolTaskExecutor [0;39m [2m:[0;39m Initializing ExecutorService 'applicationTaskExecutor'
[2m2021-05-26 23:05:55.238[0;39m [32m INFO[0;39m [35m7864[0;39m [2m---[0;39m [2m[  restartedMain][0;39m [36mo.s.b.d.a.OptionalLiveReloadServer      [0;39m [2m:[0;39m LiveReload server is running on port 35729
[2m2021-05-26 23:05:55.291[0;39m [32m INFO[0;39m [35m7864[0;39m [2m---[0;39m [2m[  restartedMain][0;39m [36mo.s.b.w.embedded.tomcat.TomcatWebServer [0;39m [2m:[0;39m Tomcat started on port(s): 8988 (http) with context path '/happyhouse'
[2m2021-05-26 23:05:55.373[0;39m [32m INFO[0;39m [35m7864[0;39m [2m---[0;39m [2m[  restartedMain][0;39m [36m.ConditionEvaluationDeltaLoggingListener[0;39m [2m:[0;39m Condition evaluation unchanged
[2m2021-05-26 23:50:24.441[0;39m [32m INFO[0;39m [35m7864[0;39m [2m---[0;39m [2m[nio-8988-exec-3][0;39m [36mo.s.web.servlet.DispatcherServlet       [0;39m [2m:[0;39m Initializing Servlet 'dispatcherServlet'
[2m2021-05-26 23:50:24.446[0;39m [32m INFO[0;39m [35m7864[0;39m [2m---[0;39m [2m[nio-8988-exec-3][0;39m [36mo.s.web.servlet.DispatcherServlet       [0;39m [2m:[0;39m Completed initialization in 4 ms
[2m2021-05-26 23:50:24.453[0;39m [32mDEBUG[0;39m [35m7864[0;39m [2m---[0;39m [2m[nio-8988-exec-3][0;39m [36mc.s.h.controller.CodeController         [0;39m [2m:[0;39m selectAllHouseCode - 호출
[2m2021-05-26 23:53:50.862[0;39m [32mDEBUG[0;39m [35m7864[0;39m [2m---[0;39m [2m[nio-8988-exec-5][0;39m [36mc.s.h.controller.CodeController         [0;39m [2m:[0;39m selectAllHouseCode - 호출
[2m2021-05-26 23:56:52.085[0;39m [32mDEBUG[0;39m [35m7864[0;39m [2m---[0;39m [2m[nio-8988-exec-7][0;39m [36mc.s.h.controller.CodeController         [0;39m [2m:[0;39m selectAllHouseCode - 호출
